{"/home/travis/build/npmtest/node-npmtest-telegraf/test.js":{"path":"/home/travis/build/npmtest/node-npmtest-telegraf/test.js","s":{"1":2,"2":2,"3":2,"4":2,"5":2,"6":2,"7":2,"8":1,"9":2,"10":2,"11":1,"12":1,"13":1,"14":1,"15":2,"16":2,"17":2,"18":2,"19":1,"20":1,"21":2,"22":2,"23":2,"24":1,"25":1,"26":1,"27":1,"28":1,"29":1,"30":1,"31":1,"32":1,"33":1,"34":1,"35":1,"36":1,"37":1,"38":1,"39":2,"40":2,"41":1,"42":2,"43":2,"44":1,"45":2,"46":2,"47":1,"48":2,"49":2,"50":1,"51":1,"52":1,"53":1,"54":1},"b":{"1":[2,1,1,1],"2":[1,1,1,1],"3":[1,1],"4":[1,1],"5":[1,1],"6":[1,1],"7":[1,1],"8":[1,1],"9":[1,1],"10":[1,1,1],"11":[1,1],"12":[1,1],"13":[1,1],"14":[1,1],"15":[1,1],"16":[1,1],"17":[1,1]},"f":{"1":2,"2":2,"3":2,"4":2,"5":2,"6":1,"7":1,"8":1,"9":2,"10":2,"11":2,"12":2,"13":1},"fnMap":{"1":{"name":"(anonymous_1)","line":12,"loc":{"start":{"line":12,"column":1},"end":{"line":12,"column":13}}},"2":{"name":"(anonymous_2)","line":19,"loc":{"start":{"line":19,"column":5},"end":{"line":19,"column":17}}},"3":{"name":"(anonymous_3)","line":23,"loc":{"start":{"line":23,"column":24},"end":{"line":23,"column":36}}},"4":{"name":"(anonymous_4)","line":61,"loc":{"start":{"line":61,"column":5},"end":{"line":61,"column":17}}},"5":{"name":"(anonymous_5)","line":82,"loc":{"start":{"line":82,"column":5},"end":{"line":82,"column":17}}},"6":{"name":"(anonymous_6)","line":91,"loc":{"start":{"line":91,"column":77},"end":{"line":94,"column":10}}},"7":{"name":"(anonymous_7)","line":112,"loc":{"start":{"line":112,"column":83},"end":{"line":115,"column":10}},"skip":true},"8":{"name":"(anonymous_8)","line":123,"loc":{"start":{"line":123,"column":77},"end":{"line":126,"column":10}},"skip":true},"9":{"name":"(anonymous_9)","line":139,"loc":{"start":{"line":139,"column":12},"end":{"line":139,"column":40}},"skip":true},"10":{"name":"(anonymous_10)","line":147,"loc":{"start":{"line":147,"column":77},"end":{"line":150,"column":10}},"skip":true},"11":{"name":"(anonymous_11)","line":158,"loc":{"start":{"line":158,"column":83},"end":{"line":161,"column":10}},"skip":true},"12":{"name":"(anonymous_12)","line":169,"loc":{"start":{"line":169,"column":79},"end":{"line":172,"column":10}},"skip":true},"13":{"name":"(anonymous_13)","line":180,"loc":{"start":{"line":180,"column":75},"end":{"line":183,"column":10}},"skip":true}},"statementMap":{"1":{"start":{"line":12,"column":0},"end":{"line":195,"column":5}},"2":{"start":{"line":14,"column":4},"end":{"line":14,"column":14}},"3":{"start":{"line":19,"column":4},"end":{"line":56,"column":9}},"4":{"start":{"line":21,"column":8},"end":{"line":21,"column":19}},"5":{"start":{"line":23,"column":8},"end":{"line":35,"column":13}},"6":{"start":{"line":24,"column":12},"end":{"line":34,"column":13}},"7":{"start":{"line":25,"column":16},"end":{"line":28,"column":30}},"8":{"start":{"line":30,"column":16},"end":{"line":33,"column":27}},"9":{"start":{"line":37,"column":8},"end":{"line":39,"column":21}},"10":{"start":{"line":40,"column":8},"end":{"line":53,"column":9}},"11":{"start":{"line":43,"column":12},"end":{"line":46,"column":14}},"12":{"start":{"line":47,"column":12},"end":{"line":47,"column":18}},"13":{"start":{"line":50,"column":12},"end":{"line":51,"column":33}},"14":{"start":{"line":52,"column":12},"end":{"line":52,"column":18}},"15":{"start":{"line":55,"column":8},"end":{"line":55,"column":35}},"16":{"start":{"line":61,"column":4},"end":{"line":63,"column":9}},"17":{"start":{"line":62,"column":8},"end":{"line":62,"column":15}},"18":{"start":{"line":64,"column":4},"end":{"line":77,"column":5}},"19":{"start":{"line":70,"column":8},"end":{"line":70,"column":14}},"20":{"start":{"line":76,"column":8},"end":{"line":76,"column":14}},"21":{"start":{"line":82,"column":4},"end":{"line":84,"column":9}},"22":{"start":{"line":83,"column":8},"end":{"line":83,"column":15}},"23":{"start":{"line":85,"column":4},"end":{"line":194,"column":5}},"24":{"start":{"line":91,"column":8},"end":{"line":99,"column":10}},"25":{"start":{"line":98,"column":12},"end":{"line":98,"column":35}},"26":{"start":{"line":102,"column":8},"end":{"line":104,"column":63}},"27":{"start":{"line":105,"column":8},"end":{"line":105,"column":14}},"28":{"start":{"line":112,"column":8},"end":{"line":121,"column":10},"skip":true},"29":{"start":{"line":119,"column":12},"end":{"line":119,"column":55},"skip":true},"30":{"start":{"line":120,"column":12},"end":{"line":120,"column":48},"skip":true},"31":{"start":{"line":123,"column":8},"end":{"line":136,"column":10},"skip":true},"32":{"start":{"line":130,"column":12},"end":{"line":130,"column":76},"skip":true},"33":{"start":{"line":131,"column":12},"end":{"line":131,"column":73},"skip":true},"34":{"start":{"line":132,"column":12},"end":{"line":132,"column":74},"skip":true},"35":{"start":{"line":133,"column":12},"end":{"line":133,"column":79},"skip":true},"36":{"start":{"line":134,"column":12},"end":{"line":134,"column":25},"skip":true},"37":{"start":{"line":135,"column":12},"end":{"line":135,"column":45},"skip":true},"38":{"start":{"line":138,"column":8},"end":{"line":145,"column":14},"skip":true},"39":{"start":{"line":143,"column":16},"end":{"line":143,"column":29},"skip":true},"40":{"start":{"line":144,"column":16},"end":{"line":144,"column":55},"skip":true},"41":{"start":{"line":147,"column":8},"end":{"line":156,"column":10},"skip":true},"42":{"start":{"line":154,"column":12},"end":{"line":154,"column":25},"skip":true},"43":{"start":{"line":155,"column":12},"end":{"line":155,"column":45},"skip":true},"44":{"start":{"line":158,"column":8},"end":{"line":167,"column":10},"skip":true},"45":{"start":{"line":165,"column":12},"end":{"line":165,"column":25},"skip":true},"46":{"start":{"line":166,"column":12},"end":{"line":166,"column":48},"skip":true},"47":{"start":{"line":169,"column":8},"end":{"line":178,"column":10},"skip":true},"48":{"start":{"line":176,"column":12},"end":{"line":176,"column":25},"skip":true},"49":{"start":{"line":177,"column":12},"end":{"line":177,"column":46},"skip":true},"50":{"start":{"line":180,"column":8},"end":{"line":189,"column":10},"skip":true},"51":{"start":{"line":187,"column":12},"end":{"line":187,"column":94},"skip":true},"52":{"start":{"line":188,"column":12},"end":{"line":188,"column":48},"skip":true},"53":{"start":{"line":192,"column":8},"end":{"line":192,"column":35},"skip":true},"54":{"start":{"line":193,"column":8},"end":{"line":193,"column":14},"skip":true}},"branchMap":{"1":{"line":25,"type":"binary-expr","locations":[{"start":{"line":25,"column":23},"end":{"line":25,"column":62}},{"start":{"line":26,"column":20},"end":{"line":26,"column":70}},{"start":{"line":27,"column":20},"end":{"line":27,"column":71}},{"start":{"line":28,"column":20},"end":{"line":28,"column":29}}]},"2":{"line":30,"type":"binary-expr","locations":[{"start":{"line":30,"column":23},"end":{"line":30,"column":37}},{"start":{"line":31,"column":20},"end":{"line":31,"column":61}},{"start":{"line":32,"column":20},"end":{"line":32,"column":70}},{"start":{"line":33,"column":20},"end":{"line":33,"column":26}}]},"3":{"line":37,"type":"cond-expr","locations":[{"start":{"line":38,"column":14},"end":{"line":38,"column":20}},{"start":{"line":39,"column":14},"end":{"line":39,"column":20}}]},"4":{"line":40,"type":"switch","locations":[{"start":{"line":42,"column":8},"end":{"line":47,"column":18}},{"start":{"line":49,"column":8},"end":{"line":52,"column":18}}]},"5":{"line":44,"type":"binary-expr","locations":[{"start":{"line":44,"column":16},"end":{"line":44,"column":44}},{"start":{"line":44,"column":48},"end":{"line":44,"column":66}}]},"6":{"line":50,"type":"binary-expr","locations":[{"start":{"line":50,"column":21},"end":{"line":50,"column":49}},{"start":{"line":50,"column":53},"end":{"line":50,"column":72}}]},"7":{"line":64,"type":"switch","locations":[{"start":{"line":69,"column":4},"end":{"line":70,"column":14}},{"start":{"line":75,"column":4},"end":{"line":76,"column":14}}]},"8":{"line":85,"type":"switch","locations":[{"start":{"line":90,"column":4},"end":{"line":105,"column":14}},{"start":{"line":111,"column":4},"end":{"line":193,"column":14},"skip":true}]},"9":{"line":91,"type":"binary-expr","locations":[{"start":{"line":91,"column":42},"end":{"line":91,"column":73}},{"start":{"line":91,"column":77},"end":{"line":99,"column":9}}]},"10":{"line":102,"type":"binary-expr","locations":[{"start":{"line":102,"column":18},"end":{"line":102,"column":32}},{"start":{"line":103,"column":12},"end":{"line":103,"column":53}},{"start":{"line":104,"column":12},"end":{"line":104,"column":61}}]},"11":{"line":112,"type":"binary-expr","locations":[{"start":{"line":112,"column":45},"end":{"line":112,"column":79},"skip":true},{"start":{"line":112,"column":83},"end":{"line":121,"column":9},"skip":true}]},"12":{"line":123,"type":"binary-expr","locations":[{"start":{"line":123,"column":42},"end":{"line":123,"column":73},"skip":true},{"start":{"line":123,"column":77},"end":{"line":136,"column":9},"skip":true}]},"13":{"line":138,"type":"binary-expr","locations":[{"start":{"line":138,"column":48},"end":{"line":138,"column":85},"skip":true},{"start":{"line":139,"column":12},"end":{"line":145,"column":13},"skip":true}]},"14":{"line":147,"type":"binary-expr","locations":[{"start":{"line":147,"column":42},"end":{"line":147,"column":73},"skip":true},{"start":{"line":147,"column":77},"end":{"line":156,"column":9},"skip":true}]},"15":{"line":158,"type":"binary-expr","locations":[{"start":{"line":158,"column":45},"end":{"line":158,"column":79},"skip":true},{"start":{"line":158,"column":83},"end":{"line":167,"column":9},"skip":true}]},"16":{"line":169,"type":"binary-expr","locations":[{"start":{"line":169,"column":43},"end":{"line":169,"column":75},"skip":true},{"start":{"line":169,"column":79},"end":{"line":178,"column":9},"skip":true}]},"17":{"line":180,"type":"binary-expr","locations":[{"start":{"line":180,"column":41},"end":{"line":180,"column":71},"skip":true},{"start":{"line":180,"column":75},"end":{"line":189,"column":9},"skip":true}]}},"code":["/* istanbul instrument in package npmtest_telegraf */","/*jslint","    bitwise: true,","    browser: true,","    maxerr: 8,","    maxlen: 96,","    node: true,","    nomen: true,","    regexp: true,","    stupid: true","*/","(function () {","    'use strict';","    var local;","","","","    // run shared js-env code - init-before","    (function () {","        // init local","        local = {};","        // init modeJs","        local.modeJs = (function () {","            try {","                return typeof navigator.userAgent === 'string' &&","                    typeof document.querySelector('body') === 'object' &&","                    typeof XMLHttpRequest.prototype.open === 'function' &&","                    'browser';","            } catch (errorCaughtBrowser) {","                return module.exports &&","                    typeof process.versions.node === 'string' &&","                    typeof require('http').createServer === 'function' &&","                    'node';","            }","        }());","        // init global","        local.global = local.modeJs === 'browser'","            ? window","            : global;","        switch (local.modeJs) {","        // re-init local from window.local","        case 'browser':","            local = local.global.utility2.objectSetDefault(","                local.global.utility2_rollup || local.global.local,","                local.global.utility2","            );","            break;","        // re-init local from example.js","        case 'node':","            local = (local.global.utility2_rollup || require('utility2'))","                .requireReadme();","            break;","        }","        // export local","        local.global.local = local;","    }());","","","","    // run shared js-env code - function","    (function () {","        return;","    }());","    switch (local.modeJs) {","","","","    // run browser js-env code - function","    case 'browser':","        break;","","","","    // run node js-env code - function","    case 'node':","        break;","    }","","","","    // run shared js-env code - init-after","    (function () {","        return;","    }());","    switch (local.modeJs) {","","","","    // run browser js-env code - init-after","    case 'browser':","        local.testCase_browser_nullCase = local.testCase_browser_nullCase || function (","            options,","            onError","        ) {","        /*","         * this function will test browsers's null-case handling-behavior-behavior","         */","            onError(null, options);","        };","","        // run tests","        local.nop(local.modeTest &&","            document.querySelector('#testRunButton1') &&","            document.querySelector('#testRunButton1').click());","        break;","","","","    // run node js-env code - init-after","    /* istanbul ignore next */","    case 'node':","        local.testCase_buildApidoc_default = local.testCase_buildApidoc_default || function (","            options,","            onError","        ) {","        /*","         * this function will test buildApidoc's default handling-behavior-behavior","         */","            options = { modulePathList: module.paths };","            local.buildApidoc(options, onError);","        };","","        local.testCase_buildApp_default = local.testCase_buildApp_default || function (","            options,","            onError","        ) {","        /*","         * this function will test buildApp's default handling-behavior-behavior","         */","            local.testCase_buildReadme_default(options, local.onErrorThrow);","            local.testCase_buildLib_default(options, local.onErrorThrow);","            local.testCase_buildTest_default(options, local.onErrorThrow);","            local.testCase_buildCustomOrg_default(options, local.onErrorThrow);","            options = [];","            local.buildApp(options, onError);","        };","","        local.testCase_buildCustomOrg_default = local.testCase_buildCustomOrg_default ||","            function (options, onError) {","            /*","             * this function will test buildCustomOrg's default handling-behavior","             */","                options = {};","                local.buildCustomOrg(options, onError);","            };","","        local.testCase_buildLib_default = local.testCase_buildLib_default || function (","            options,","            onError","        ) {","        /*","         * this function will test buildLib's default handling-behavior","         */","            options = {};","            local.buildLib(options, onError);","        };","","        local.testCase_buildReadme_default = local.testCase_buildReadme_default || function (","            options,","            onError","        ) {","        /*","         * this function will test buildReadme's default handling-behavior-behavior","         */","            options = {};","            local.buildReadme(options, onError);","        };","","        local.testCase_buildTest_default = local.testCase_buildTest_default || function (","            options,","            onError","        ) {","        /*","         * this function will test buildTest's default handling-behavior","         */","            options = {};","            local.buildTest(options, onError);","        };","","        local.testCase_webpage_default = local.testCase_webpage_default || function (","            options,","            onError","        ) {","        /*","         * this function will test webpage's default handling-behavior","         */","            options = { modeCoverageMerge: true, url: local.serverLocalHost + '?modeTest=1' };","            local.browserTest(options, onError);","        };","","        // run test-server","        local.testRunServer(local);","        break;","    }","}());",""],"l":{"12":2,"14":2,"19":2,"21":2,"23":2,"24":2,"25":2,"30":1,"37":2,"40":2,"43":1,"47":1,"50":1,"52":1,"55":2,"61":2,"62":2,"64":2,"70":1,"76":1,"82":2,"83":2,"85":2,"91":1,"98":1,"102":1,"105":1,"112":1,"119":1,"120":1,"123":1,"130":1,"131":1,"132":1,"133":1,"134":1,"135":1,"138":1,"143":2,"144":2,"147":1,"154":2,"155":2,"158":1,"165":2,"166":2,"169":1,"176":2,"177":2,"180":1,"187":1,"188":1,"192":1,"193":1}},"/home/travis/build/npmtest/node-npmtest-telegraf/lib.npmtest_telegraf.js":{"path":"/home/travis/build/npmtest/node-npmtest-telegraf/lib.npmtest_telegraf.js","s":{"1":2,"2":2,"3":2,"4":2,"5":2,"6":2,"7":2,"8":1,"9":2,"10":2,"11":2,"12":2,"13":1,"14":1,"15":1,"16":1},"b":{"1":[2,1,1,1],"2":[1,1,1,1],"3":[1,1],"4":[2,2],"5":[1,1]},"f":{"1":2,"2":2,"3":2},"fnMap":{"1":{"name":"(anonymous_1)","line":12,"loc":{"start":{"line":12,"column":1},"end":{"line":12,"column":13}}},"2":{"name":"(anonymous_2)","line":19,"loc":{"start":{"line":19,"column":5},"end":{"line":19,"column":17}}},"3":{"name":"(anonymous_3)","line":23,"loc":{"start":{"line":23,"column":24},"end":{"line":23,"column":36}}}},"statementMap":{"1":{"start":{"line":12,"column":0},"end":{"line":53,"column":5}},"2":{"start":{"line":14,"column":4},"end":{"line":14,"column":14}},"3":{"start":{"line":19,"column":4},"end":{"line":52,"column":9}},"4":{"start":{"line":21,"column":8},"end":{"line":21,"column":19}},"5":{"start":{"line":23,"column":8},"end":{"line":35,"column":13}},"6":{"start":{"line":24,"column":12},"end":{"line":34,"column":13}},"7":{"start":{"line":25,"column":16},"end":{"line":28,"column":30}},"8":{"start":{"line":30,"column":16},"end":{"line":33,"column":27}},"9":{"start":{"line":37,"column":8},"end":{"line":39,"column":21}},"10":{"start":{"line":41,"column":8},"end":{"line":41,"column":54}},"11":{"start":{"line":43,"column":8},"end":{"line":43,"column":53}},"12":{"start":{"line":45,"column":8},"end":{"line":51,"column":9}},"13":{"start":{"line":46,"column":12},"end":{"line":46,"column":59}},"14":{"start":{"line":48,"column":12},"end":{"line":48,"column":35}},"15":{"start":{"line":49,"column":12},"end":{"line":49,"column":49}},"16":{"start":{"line":50,"column":12},"end":{"line":50,"column":43}}},"branchMap":{"1":{"line":25,"type":"binary-expr","locations":[{"start":{"line":25,"column":23},"end":{"line":25,"column":62}},{"start":{"line":26,"column":20},"end":{"line":26,"column":70}},{"start":{"line":27,"column":20},"end":{"line":27,"column":71}},{"start":{"line":28,"column":20},"end":{"line":28,"column":29}}]},"2":{"line":30,"type":"binary-expr","locations":[{"start":{"line":30,"column":23},"end":{"line":30,"column":37}},{"start":{"line":31,"column":20},"end":{"line":31,"column":61}},{"start":{"line":32,"column":20},"end":{"line":32,"column":70}},{"start":{"line":33,"column":20},"end":{"line":33,"column":26}}]},"3":{"line":37,"type":"cond-expr","locations":[{"start":{"line":38,"column":14},"end":{"line":38,"column":20}},{"start":{"line":39,"column":14},"end":{"line":39,"column":20}}]},"4":{"line":41,"type":"binary-expr","locations":[{"start":{"line":41,"column":16},"end":{"line":41,"column":44}},{"start":{"line":41,"column":48},"end":{"line":41,"column":53}}]},"5":{"line":45,"type":"if","locations":[{"start":{"line":45,"column":8},"end":{"line":45,"column":8}},{"start":{"line":45,"column":8},"end":{"line":45,"column":8}}]}},"code":["/* istanbul instrument in package npmtest_telegraf */","/*jslint","    bitwise: true,","    browser: true,","    maxerr: 8,","    maxlen: 96,","    node: true,","    nomen: true,","    regexp: true,","    stupid: true","*/","(function () {","    'use strict';","    var local;","","","","    // run shared js-env code - init-before","    (function () {","        // init local","        local = {};","        // init modeJs","        local.modeJs = (function () {","            try {","                return typeof navigator.userAgent === 'string' &&","                    typeof document.querySelector('body') === 'object' &&","                    typeof XMLHttpRequest.prototype.open === 'function' &&","                    'browser';","            } catch (errorCaughtBrowser) {","                return module.exports &&","                    typeof process.versions.node === 'string' &&","                    typeof require('http').createServer === 'function' &&","                    'node';","            }","        }());","        // init global","        local.global = local.modeJs === 'browser'","            ? window","            : global;","        // init utility2_rollup","        local = local.global.utility2_rollup || local;","        // init lib","        local.local = local.npmtest_telegraf = local;","        // init exports","        if (local.modeJs === 'browser') {","            local.global.utility2_npmtest_telegraf = local;","        } else {","            module.exports = local;","            module.exports.__dirname = __dirname;","            module.exports.module = module;","        }","    }());","}());",""],"l":{"12":2,"14":2,"19":2,"21":2,"23":2,"24":2,"25":2,"30":1,"37":2,"41":2,"43":2,"45":2,"46":1,"48":1,"49":1,"50":1}},"/home/travis/build/npmtest/node-npmtest-telegraf/example.js":{"path":"/home/travis/build/npmtest/node-npmtest-telegraf/example.js","s":{"1":2,"2":2,"3":2,"4":2,"5":2,"6":2,"7":2,"8":1,"9":2,"10":2,"11":2,"12":2,"13":1,"14":2,"15":2,"16":2,"17":2,"18":2,"19":0,"20":2,"21":1,"22":1,"23":1,"24":1,"25":1,"26":0,"27":0,"28":1,"29":1,"30":2,"31":0,"32":0,"33":0,"34":1,"35":2,"36":2,"37":3,"38":3,"39":3,"40":3,"41":0,"42":3,"43":3,"44":3,"45":1,"46":3,"47":1,"48":1,"49":1,"50":1,"51":1,"52":1,"53":1,"54":1,"55":1,"56":1,"57":0,"58":1,"59":6,"60":6,"61":1,"62":2,"63":0,"64":2,"65":1,"66":1,"67":0,"68":0,"69":0,"70":0,"71":0,"72":0,"73":0,"74":0,"75":0,"76":0,"77":0,"78":0,"79":0,"80":0,"81":0,"82":0,"83":0},"b":{"1":[2,1,1,1],"2":[1,1,1,1],"3":[1,1],"4":[2,2],"5":[1,1],"6":[1,1],"7":[2,0],"8":[2,1,1,1,1,1],"9":[0,2,0],"10":[1,1],"11":[2,1,1],"12":[1,0],"13":[0,2],"14":[2,0,0,0,0,0,0],"15":[0,3],"16":[3,0],"17":[1,1],"18":[0,1],"19":[1,2,0,2],"20":[1,0],"21":[1,1],"22":[0,0],"23":[0,0],"24":[0,0],"25":[0,0],"26":[0,0],"27":[0,0],"28":[0,0]},"f":{"1":2,"2":2,"3":2,"4":2,"5":2,"6":2,"7":3,"8":3,"9":3,"10":1,"11":6,"12":0},"fnMap":{"1":{"name":"(anonymous_1)","line":26,"loc":{"start":{"line":26,"column":1},"end":{"line":26,"column":13}}},"2":{"name":"(anonymous_2)","line":33,"loc":{"start":{"line":33,"column":5},"end":{"line":33,"column":17}}},"3":{"name":"(anonymous_3)","line":37,"loc":{"start":{"line":37,"column":24},"end":{"line":37,"column":36}}},"4":{"name":"(anonymous_4)","line":69,"loc":{"start":{"line":69,"column":31},"end":{"line":69,"column":48}},"skip":true},"5":{"name":"(anonymous_5)","line":78,"loc":{"start":{"line":78,"column":26},"end":{"line":78,"column":45}},"skip":true},"6":{"name":"(anonymous_6)","line":123,"loc":{"start":{"line":123,"column":33},"end":{"line":123,"column":48}},"skip":true},"7":{"name":"(anonymous_7)","line":125,"loc":{"start":{"line":125,"column":27},"end":{"line":125,"column":39}},"skip":true},"8":{"name":"(anonymous_8)","line":133,"loc":{"start":{"line":133,"column":59},"end":{"line":133,"column":74}},"skip":true},"9":{"name":"(anonymous_9)","line":143,"loc":{"start":{"line":143,"column":45},"end":{"line":143,"column":62}},"skip":true},"10":{"name":"(anonymous_10)","line":144,"loc":{"start":{"line":144,"column":73},"end":{"line":144,"column":92}},"skip":true},"11":{"name":"(anonymous_11)","line":272,"loc":{"start":{"line":272,"column":51},"end":{"line":272,"column":77}},"skip":true},"12":{"name":"(anonymous_12)","line":315,"loc":{"start":{"line":315,"column":32},"end":{"line":315,"column":61}},"skip":true}},"statementMap":{"1":{"start":{"line":26,"column":0},"end":{"line":326,"column":5}},"2":{"start":{"line":28,"column":4},"end":{"line":28,"column":14}},"3":{"start":{"line":33,"column":4},"end":{"line":60,"column":9}},"4":{"start":{"line":35,"column":8},"end":{"line":35,"column":19}},"5":{"start":{"line":37,"column":8},"end":{"line":49,"column":13}},"6":{"start":{"line":38,"column":12},"end":{"line":48,"column":13}},"7":{"start":{"line":39,"column":16},"end":{"line":42,"column":30}},"8":{"start":{"line":44,"column":16},"end":{"line":47,"column":27}},"9":{"start":{"line":51,"column":8},"end":{"line":53,"column":21}},"10":{"start":{"line":55,"column":8},"end":{"line":57,"column":45}},"11":{"start":{"line":59,"column":8},"end":{"line":59,"column":35}},"12":{"start":{"line":61,"column":4},"end":{"line":325,"column":5}},"13":{"start":{"line":69,"column":8},"end":{"line":121,"column":10},"skip":true},"14":{"start":{"line":70,"column":12},"end":{"line":88,"column":13},"skip":true},"15":{"start":{"line":76,"column":16},"end":{"line":87,"column":19},"skip":true},"16":{"start":{"line":79,"column":20},"end":{"line":86,"column":21},"skip":true},"17":{"start":{"line":82,"column":24},"end":{"line":82,"column":43},"skip":true},"18":{"start":{"line":83,"column":24},"end":{"line":83,"column":30},"skip":true},"19":{"start":{"line":85,"column":24},"end":{"line":85,"column":49},"skip":true},"20":{"start":{"line":89,"column":12},"end":{"line":107,"column":13},"skip":true},"21":{"start":{"line":92,"column":16},"end":{"line":102,"column":17},"skip":true},"22":{"start":{"line":93,"column":20},"end":{"line":93,"column":86},"skip":true},"23":{"start":{"line":94,"column":20},"end":{"line":95,"column":45},"skip":true},"24":{"start":{"line":96,"column":20},"end":{"line":96,"column":42},"skip":true},"25":{"start":{"line":97,"column":20},"end":{"line":97,"column":48},"skip":true},"26":{"start":{"line":100,"column":20},"end":{"line":100,"column":85},"skip":true},"27":{"start":{"line":101,"column":20},"end":{"line":101,"column":96},"skip":true},"28":{"start":{"line":103,"column":16},"end":{"line":103,"column":22},"skip":true},"29":{"start":{"line":106,"column":16},"end":{"line":106,"column":22},"skip":true},"30":{"start":{"line":108,"column":12},"end":{"line":120,"column":13},"skip":true},"31":{"start":{"line":114,"column":16},"end":{"line":119,"column":17},"skip":true},"32":{"start":{"line":116,"column":20},"end":{"line":116,"column":78},"skip":true},"33":{"start":{"line":118,"column":20},"end":{"line":118,"column":47},"skip":true},"34":{"start":{"line":123,"column":8},"end":{"line":141,"column":11},"skip":true},"35":{"start":{"line":124,"column":12},"end":{"line":124,"column":54},"skip":true},"36":{"start":{"line":125,"column":12},"end":{"line":140,"column":14},"skip":true},"37":{"start":{"line":126,"column":16},"end":{"line":126,"column":28},"skip":true},"38":{"start":{"line":127,"column":16},"end":{"line":127,"column":69},"skip":true},"39":{"start":{"line":128,"column":16},"end":{"line":128,"column":75},"skip":true},"40":{"start":{"line":129,"column":16},"end":{"line":131,"column":17},"skip":true},"41":{"start":{"line":130,"column":20},"end":{"line":130,"column":27},"skip":true},"42":{"start":{"line":133,"column":16},"end":{"line":137,"column":36},"skip":true},"43":{"start":{"line":134,"column":20},"end":{"line":136,"column":55},"skip":true},"44":{"start":{"line":139,"column":16},"end":{"line":139,"column":57},"skip":true},"45":{"start":{"line":143,"column":8},"end":{"line":147,"column":11},"skip":true},"46":{"start":{"line":144,"column":12},"end":{"line":146,"column":15},"skip":true},"47":{"start":{"line":145,"column":16},"end":{"line":145,"column":70},"skip":true},"48":{"start":{"line":149,"column":8},"end":{"line":149,"column":31},"skip":true},"49":{"start":{"line":150,"column":8},"end":{"line":150,"column":14},"skip":true},"50":{"start":{"line":158,"column":8},"end":{"line":158,"column":31},"skip":true},"51":{"start":{"line":160,"column":8},"end":{"line":160,"column":33},"skip":true},"52":{"start":{"line":161,"column":8},"end":{"line":161,"column":37},"skip":true},"53":{"start":{"line":162,"column":8},"end":{"line":162,"column":35},"skip":true},"54":{"start":{"line":164,"column":8},"end":{"line":164,"column":50},"skip":true},"55":{"start":{"line":166,"column":8},"end":{"line":256,"column":2},"skip":true},"56":{"start":{"line":258,"column":8},"end":{"line":286,"column":9},"skip":true},"57":{"start":{"line":259,"column":12},"end":{"line":269,"column":14},"skip":true},"58":{"start":{"line":271,"column":12},"end":{"line":285,"column":19},"skip":true},"59":{"start":{"line":274,"column":20},"end":{"line":274,"column":35},"skip":true},"60":{"start":{"line":275,"column":20},"end":{"line":284,"column":21},"skip":true},"61":{"start":{"line":277,"column":24},"end":{"line":277,"column":64},"skip":true},"62":{"start":{"line":279,"column":24},"end":{"line":279,"column":40},"skip":true},"63":{"start":{"line":281,"column":24},"end":{"line":281,"column":40},"skip":true},"64":{"start":{"line":283,"column":24},"end":{"line":283,"column":39},"skip":true},"65":{"start":{"line":288,"column":8},"end":{"line":290,"column":9},"skip":true},"66":{"start":{"line":289,"column":12},"end":{"line":289,"column":18},"skip":true},"67":{"start":{"line":291,"column":8},"end":{"line":293,"column":54},"skip":true},"68":{"start":{"line":296,"column":8},"end":{"line":301,"column":37},"skip":true},"69":{"start":{"line":303,"column":8},"end":{"line":303,"column":82},"skip":true},"70":{"start":{"line":306,"column":8},"end":{"line":308,"column":9},"skip":true},"71":{"start":{"line":307,"column":12},"end":{"line":307,"column":82},"skip":true},"72":{"start":{"line":310,"column":8},"end":{"line":312,"column":9},"skip":true},"73":{"start":{"line":311,"column":12},"end":{"line":311,"column":18},"skip":true},"74":{"start":{"line":313,"column":8},"end":{"line":313,"column":54},"skip":true},"75":{"start":{"line":314,"column":8},"end":{"line":314,"column":69},"skip":true},"76":{"start":{"line":315,"column":8},"end":{"line":323,"column":36},"skip":true},"77":{"start":{"line":316,"column":12},"end":{"line":316,"column":61},"skip":true},"78":{"start":{"line":317,"column":12},"end":{"line":320,"column":13},"skip":true},"79":{"start":{"line":318,"column":16},"end":{"line":318,"column":75},"skip":true},"80":{"start":{"line":319,"column":16},"end":{"line":319,"column":23},"skip":true},"81":{"start":{"line":321,"column":12},"end":{"line":321,"column":38},"skip":true},"82":{"start":{"line":322,"column":12},"end":{"line":322,"column":27},"skip":true},"83":{"start":{"line":324,"column":8},"end":{"line":324,"column":14},"skip":true}},"branchMap":{"1":{"line":39,"type":"binary-expr","locations":[{"start":{"line":39,"column":23},"end":{"line":39,"column":62}},{"start":{"line":40,"column":20},"end":{"line":40,"column":70}},{"start":{"line":41,"column":20},"end":{"line":41,"column":71}},{"start":{"line":42,"column":20},"end":{"line":42,"column":29}}]},"2":{"line":44,"type":"binary-expr","locations":[{"start":{"line":44,"column":23},"end":{"line":44,"column":37}},{"start":{"line":45,"column":20},"end":{"line":45,"column":61}},{"start":{"line":46,"column":20},"end":{"line":46,"column":70}},{"start":{"line":47,"column":20},"end":{"line":47,"column":26}}]},"3":{"line":51,"type":"cond-expr","locations":[{"start":{"line":52,"column":14},"end":{"line":52,"column":20}},{"start":{"line":53,"column":14},"end":{"line":53,"column":20}}]},"4":{"line":55,"type":"binary-expr","locations":[{"start":{"line":55,"column":16},"end":{"line":55,"column":44}},{"start":{"line":55,"column":49},"end":{"line":57,"column":43}}]},"5":{"line":55,"type":"cond-expr","locations":[{"start":{"line":56,"column":14},"end":{"line":56,"column":52}},{"start":{"line":57,"column":14},"end":{"line":57,"column":43}}]},"6":{"line":61,"type":"switch","locations":[{"start":{"line":68,"column":4},"end":{"line":150,"column":14},"skip":true},{"start":{"line":156,"column":4},"end":{"line":324,"column":14},"skip":true}]},"7":{"line":70,"type":"if","locations":[{"start":{"line":70,"column":12},"end":{"line":70,"column":12},"skip":true},{"start":{"line":70,"column":12},"end":{"line":70,"column":12},"skip":true}]},"8":{"line":70,"type":"binary-expr","locations":[{"start":{"line":70,"column":16},"end":{"line":70,"column":22},"skip":true},{"start":{"line":70,"column":27},"end":{"line":70,"column":32},"skip":true},{"start":{"line":71,"column":20},"end":{"line":71,"column":39},"skip":true},{"start":{"line":72,"column":20},"end":{"line":72,"column":49},"skip":true},{"start":{"line":73,"column":20},"end":{"line":73,"column":58},"skip":true},{"start":{"line":74,"column":20},"end":{"line":74,"column":69},"skip":true}]},"9":{"line":79,"type":"switch","locations":[{"start":{"line":80,"column":20},"end":{"line":80,"column":33},"skip":true},{"start":{"line":81,"column":20},"end":{"line":83,"column":30},"skip":true},{"start":{"line":84,"column":20},"end":{"line":85,"column":49},"skip":true}]},"10":{"line":89,"type":"switch","locations":[{"start":{"line":90,"column":12},"end":{"line":103,"column":22},"skip":true},{"start":{"line":105,"column":12},"end":{"line":106,"column":22},"skip":true}]},"11":{"line":89,"type":"binary-expr","locations":[{"start":{"line":89,"column":20},"end":{"line":89,"column":25},"skip":true},{"start":{"line":89,"column":29},"end":{"line":89,"column":48},"skip":true},{"start":{"line":89,"column":52},"end":{"line":89,"column":74},"skip":true}]},"12":{"line":92,"type":"if","locations":[{"start":{"line":92,"column":16},"end":{"line":92,"column":16},"skip":true},{"start":{"line":92,"column":16},"end":{"line":92,"column":16},"skip":true}]},"13":{"line":108,"type":"if","locations":[{"start":{"line":108,"column":12},"end":{"line":108,"column":12},"skip":true},{"start":{"line":108,"column":12},"end":{"line":108,"column":12},"skip":true}]},"14":{"line":108,"type":"binary-expr","locations":[{"start":{"line":108,"column":16},"end":{"line":108,"column":61},"skip":true},{"start":{"line":108,"column":66},"end":{"line":108,"column":72},"skip":true},{"start":{"line":108,"column":77},"end":{"line":108,"column":82},"skip":true},{"start":{"line":109,"column":20},"end":{"line":109,"column":39},"skip":true},{"start":{"line":110,"column":20},"end":{"line":110,"column":49},"skip":true},{"start":{"line":111,"column":20},"end":{"line":111,"column":58},"skip":true},{"start":{"line":112,"column":20},"end":{"line":112,"column":68},"skip":true}]},"15":{"line":129,"type":"if","locations":[{"start":{"line":129,"column":16},"end":{"line":129,"column":16},"skip":true},{"start":{"line":129,"column":16},"end":{"line":129,"column":16},"skip":true}]},"16":{"line":134,"type":"cond-expr","locations":[{"start":{"line":135,"column":26},"end":{"line":135,"column":29},"skip":true},{"start":{"line":136,"column":26},"end":{"line":136,"column":54},"skip":true}]},"17":{"line":164,"type":"binary-expr","locations":[{"start":{"line":164,"column":27},"end":{"line":164,"column":43},"skip":true},{"start":{"line":164,"column":47},"end":{"line":164,"column":49},"skip":true}]},"18":{"line":258,"type":"if","locations":[{"start":{"line":258,"column":8},"end":{"line":258,"column":8},"skip":true},{"start":{"line":258,"column":8},"end":{"line":258,"column":8},"skip":true}]},"19":{"line":275,"type":"switch","locations":[{"start":{"line":276,"column":20},"end":{"line":277,"column":64},"skip":true},{"start":{"line":278,"column":20},"end":{"line":279,"column":40},"skip":true},{"start":{"line":280,"column":20},"end":{"line":281,"column":40},"skip":true},{"start":{"line":282,"column":20},"end":{"line":283,"column":39},"skip":true}]},"20":{"line":288,"type":"if","locations":[{"start":{"line":288,"column":8},"end":{"line":288,"column":8},"skip":true},{"start":{"line":288,"column":8},"end":{"line":288,"column":8},"skip":true}]},"21":{"line":288,"type":"binary-expr","locations":[{"start":{"line":288,"column":12},"end":{"line":288,"column":40},"skip":true},{"start":{"line":288,"column":44},"end":{"line":288,"column":67},"skip":true}]},"22":{"line":292,"type":"binary-expr","locations":[{"start":{"line":292,"column":12},"end":{"line":292,"column":50},"skip":true},{"start":{"line":293,"column":12},"end":{"line":293,"column":53},"skip":true}]},"23":{"line":297,"type":"binary-expr","locations":[{"start":{"line":297,"column":12},"end":{"line":297,"column":66},"skip":true},{"start":{"line":298,"column":12},"end":{"line":301,"column":36},"skip":true}]},"24":{"line":303,"type":"binary-expr","locations":[{"start":{"line":303,"column":43},"end":{"line":303,"column":75},"skip":true},{"start":{"line":303,"column":79},"end":{"line":303,"column":81},"skip":true}]},"25":{"line":306,"type":"if","locations":[{"start":{"line":306,"column":8},"end":{"line":306,"column":8},"skip":true},{"start":{"line":306,"column":8},"end":{"line":306,"column":8},"skip":true}]},"26":{"line":310,"type":"if","locations":[{"start":{"line":310,"column":8},"end":{"line":310,"column":8},"skip":true},{"start":{"line":310,"column":8},"end":{"line":310,"column":8},"skip":true}]},"27":{"line":313,"type":"binary-expr","locations":[{"start":{"line":313,"column":27},"end":{"line":313,"column":43},"skip":true},{"start":{"line":313,"column":47},"end":{"line":313,"column":53},"skip":true}]},"28":{"line":317,"type":"if","locations":[{"start":{"line":317,"column":12},"end":{"line":317,"column":12},"skip":true},{"start":{"line":317,"column":12},"end":{"line":317,"column":12},"skip":true}]}},"code":["/*","example.js","","quickstart example","","instruction","    1. save this script as example.js","    2. run the shell command:","        $ npm install npmtest-telegraf && PORT=8081 node example.js","    3. play with the browser-demo on http://127.0.0.1:8081","*/","","","","/* istanbul instrument in package npmtest_telegraf */","/*jslint","    bitwise: true,","    browser: true,","    maxerr: 8,","    maxlen: 96,","    node: true,","    nomen: true,","    regexp: true,","    stupid: true","*/","(function () {","    'use strict';","    var local;","","","","    // run shared js-env code - init-before","    (function () {","        // init local","        local = {};","        // init modeJs","        local.modeJs = (function () {","            try {","                return typeof navigator.userAgent === 'string' &&","                    typeof document.querySelector('body') === 'object' &&","                    typeof XMLHttpRequest.prototype.open === 'function' &&","                    'browser';","            } catch (errorCaughtBrowser) {","                return module.exports &&","                    typeof process.versions.node === 'string' &&","                    typeof require('http').createServer === 'function' &&","                    'node';","            }","        }());","        // init global","        local.global = local.modeJs === 'browser'","            ? window","            : global;","        // init utility2_rollup","        local = local.global.utility2_rollup || (local.modeJs === 'browser'","            ? local.global.utility2_npmtest_telegraf","            : global.utility2_moduleExports);","        // export local","        local.global.local = local;","    }());","    switch (local.modeJs) {","","","","    // init-after","    // run browser js-env code - init-after","    /* istanbul ignore next */","    case 'browser':","        local.testRunBrowser = function (event) {","            if (!event || (event &&","                    event.currentTarget &&","                    event.currentTarget.className &&","                    event.currentTarget.className.includes &&","                    event.currentTarget.className.includes('onreset'))) {","                // reset output","                Array.from(","                    document.querySelectorAll('body > .resettable')","                ).forEach(function (element) {","                    switch (element.tagName) {","                    case 'INPUT':","                    case 'TEXTAREA':","                        element.value = '';","                        break;","                    default:","                        element.textContent = '';","                    }","                });","            }","            switch (event && event.currentTarget && event.currentTarget.id) {","            case 'testRunButton1':","                // show tests","                if (document.querySelector('#testReportDiv1').style.display === 'none') {","                    document.querySelector('#testReportDiv1').style.display = 'block';","                    document.querySelector('#testRunButton1').textContent =","                        'hide internal test';","                    local.modeTest = true;","                    local.testRunDefault(local);","                // hide tests","                } else {","                    document.querySelector('#testReportDiv1').style.display = 'none';","                    document.querySelector('#testRunButton1').textContent = 'run internal test';","                }","                break;","            // custom-case","            default:","                break;","            }","            if (document.querySelector('#inputTextareaEval1') && (!event || (event &&","                    event.currentTarget &&","                    event.currentTarget.className &&","                    event.currentTarget.className.includes &&","                    event.currentTarget.className.includes('oneval')))) {","                // try to eval input-code","                try {","                    /*jslint evil: true*/","                    eval(document.querySelector('#inputTextareaEval1').value);","                } catch (errorCaught) {","                    console.error(errorCaught);","                }","            }","        };","        // log stderr and stdout to #outputTextareaStdout1","        ['error', 'log'].forEach(function (key) {","            console[key + '_original'] = console[key];","            console[key] = function () {","                var element;","                console[key + '_original'].apply(console, arguments);","                element = document.querySelector('#outputTextareaStdout1');","                if (!element) {","                    return;","                }","                // append text to #outputTextareaStdout1","                element.value += Array.from(arguments).map(function (arg) {","                    return typeof arg === 'string'","                        ? arg","                        : JSON.stringify(arg, null, 4);","                }).join(' ') + '\\n';","                // scroll textarea to bottom","                element.scrollTop = element.scrollHeight;","            };","        });","        // init event-handling","        ['change', 'click', 'keyup'].forEach(function (event) {","            Array.from(document.querySelectorAll('.on' + event)).forEach(function (element) {","                element.addEventListener(event, local.testRunBrowser);","            });","        });","        // run tests","        local.testRunBrowser();","        break;","","","","    // run node js-env code - init-after","    /* istanbul ignore next */","    case 'node':","        // export local","        module.exports = local;","        // require modules","        local.fs = require('fs');","        local.http = require('http');","        local.url = require('url');","        // init assets","        local.assetsDict = local.assetsDict || {};","        /* jslint-ignore-begin */","        local.assetsDict['/assets.index.template.html'] = '\\","<!doctype html>\\n\\","<html lang=\"en\">\\n\\","<head>\\n\\","<meta charset=\"UTF-8\">\\n\\","<meta name=\"viewport\" content=\"width=device-width, initial-scale=1\">\\n\\","<title>{{env.npm_package_name}} (v{{env.npm_package_version}})</title>\\n\\","<style>\\n\\","/*csslint\\n\\","    box-sizing: false,\\n\\","    universal-selector: false\\n\\","*/\\n\\","* {\\n\\","    box-sizing: border-box;\\n\\","}\\n\\","body {\\n\\","    background: #dde;\\n\\","    font-family: Arial, Helvetica, sans-serif;\\n\\","    margin: 2rem;\\n\\","}\\n\\","body > * {\\n\\","    margin-bottom: 1rem;\\n\\","}\\n\\",".utility2FooterDiv {\\n\\","    margin-top: 20px;\\n\\","    text-align: center;\\n\\","}\\n\\","</style>\\n\\","<style>\\n\\","/*csslint\\n\\","*/\\n\\","textarea {\\n\\","    font-family: monospace;\\n\\","    height: 10rem;\\n\\","    width: 100%;\\n\\","}\\n\\","textarea[readonly] {\\n\\","    background: #ddd;\\n\\","}\\n\\","</style>\\n\\","</head>\\n\\","<body>\\n\\","<!-- utility2-comment\\n\\","<div id=\"ajaxProgressDiv1\" style=\"background: #d00; height: 2px; left: 0; margin: 0; padding: 0; position: fixed; top: 0; transition: background 0.5s, width 1.5s; width: 25%;\"></div>\\n\\","utility2-comment -->\\n\\","<h1>\\n\\","<!-- utility2-comment\\n\\","    <a\\n\\","        {{#if env.npm_package_homepage}}\\n\\","        href=\"{{env.npm_package_homepage}}\"\\n\\","        {{/if env.npm_package_homepage}}\\n\\","        target=\"_blank\"\\n\\","    >\\n\\","utility2-comment -->\\n\\","        {{env.npm_package_name}} (v{{env.npm_package_version}})\\n\\","<!-- utility2-comment\\n\\","    </a>\\n\\","utility2-comment -->\\n\\","</h1>\\n\\","<h3>{{env.npm_package_description}}</h3>\\n\\","<!-- utility2-comment\\n\\","<h4><a download href=\"assets.app.js\">download standalone app</a></h4>\\n\\","<button class=\"onclick onreset\" id=\"testRunButton1\">run internal test</button><br>\\n\\","<div id=\"testReportDiv1\" style=\"display: none;\"></div>\\n\\","utility2-comment -->\\n\\","\\n\\","\\n\\","\\n\\","<label>stderr and stdout</label>\\n\\","<textarea class=\"resettable\" id=\"outputTextareaStdout1\" readonly></textarea>\\n\\","<!-- utility2-comment\\n\\","{{#if isRollup}}\\n\\","<script src=\"assets.app.js\"></script>\\n\\","{{#unless isRollup}}\\n\\","utility2-comment -->\\n\\","<script src=\"assets.utility2.rollup.js\"></script>\\n\\","<script src=\"jsonp.utility2._stateInit?callback=window.utility2._stateInit\"></script>\\n\\","<script src=\"assets.npmtest_telegraf.rollup.js\"></script>\\n\\","<script src=\"assets.example.js\"></script>\\n\\","<script src=\"assets.test.js\"></script>\\n\\","<!-- utility2-comment\\n\\","{{/if isRollup}}\\n\\","utility2-comment -->\\n\\","<div class=\"utility2FooterDiv\">\\n\\","    [ this app was created with\\n\\","    <a href=\"https://github.com/kaizhu256/node-utility2\" target=\"_blank\">utility2</a>\\n\\","    ]\\n\\","</div>\\n\\","</body>\\n\\","</html>\\n\\","';","        /* jslint-ignore-end */","        if (local.templateRender) {","            local.assetsDict['/'] = local.templateRender(","                local.assetsDict['/assets.index.template.html'],","                {","                    env: local.objectSetDefault(local.env, {","                        npm_package_description: 'the greatest app in the world!',","                        npm_package_name: 'my-app',","                        npm_package_nameAlias: 'my_app',","                        npm_package_version: '0.0.1'","                    })","                }","            );","        } else {","            local.assetsDict['/'] = local.assetsDict['/assets.index.template.html']","                .replace((/\\{\\{env\\.(\\w+?)\\}\\}/g), function (match0, match1) {","                    // jslint-hack","                    String(match0);","                    switch (match1) {","                    case 'npm_package_description':","                        return 'the greatest app in the world!';","                    case 'npm_package_name':","                        return 'my-app';","                    case 'npm_package_nameAlias':","                        return 'my_app';","                    case 'npm_package_version':","                        return '0.0.1';","                    }","                });","        }","        // run the cli","        if (local.global.utility2_rollup || module !== require.main) {","            break;","        }","        local.assetsDict['/assets.example.js'] =","            local.assetsDict['/assets.example.js'] ||","            local.fs.readFileSync(__filename, 'utf8');","        // bug-workaround - long $npm_package_buildCustomOrg","        /* jslint-ignore-begin */","        local.assetsDict['/assets.npmtest_telegraf.rollup.js'] =","            local.assetsDict['/assets.npmtest_telegraf.rollup.js'] ||","            local.fs.readFileSync(","                local.npmtest_telegraf.__dirname + '/lib.npmtest_telegraf.js',","                'utf8'","            ).replace((/^#!/), '//');","        /* jslint-ignore-end */","        local.assetsDict['/favicon.ico'] = local.assetsDict['/favicon.ico'] || '';","        // if $npm_config_timeout_exit exists,","        // then exit this process after $npm_config_timeout_exit ms","        if (Number(process.env.npm_config_timeout_exit)) {","            setTimeout(process.exit, Number(process.env.npm_config_timeout_exit));","        }","        // start server","        if (local.global.utility2_serverHttp1) {","            break;","        }","        process.env.PORT = process.env.PORT || '8081';","        console.error('server starting on port ' + process.env.PORT);","        local.http.createServer(function (request, response) {","            request.urlParsed = local.url.parse(request.url);","            if (local.assetsDict[request.urlParsed.pathname] !== undefined) {","                response.end(local.assetsDict[request.urlParsed.pathname]);","                return;","            }","            response.statusCode = 404;","            response.end();","        }).listen(process.env.PORT);","        break;","    }","}());",""],"l":{"26":2,"28":2,"33":2,"35":2,"37":2,"38":2,"39":2,"44":1,"51":2,"55":2,"59":2,"61":2,"69":1,"70":2,"76":2,"79":2,"82":2,"83":2,"85":1,"89":2,"92":1,"93":1,"94":1,"96":1,"97":1,"100":1,"101":1,"103":1,"106":1,"108":2,"114":1,"116":1,"118":1,"123":1,"124":2,"125":2,"126":3,"127":3,"128":3,"129":3,"130":1,"133":3,"134":3,"139":3,"143":1,"144":3,"145":1,"149":1,"150":1,"158":1,"160":1,"161":1,"162":1,"164":1,"166":1,"258":1,"259":1,"271":1,"274":6,"275":6,"277":1,"279":2,"281":1,"283":2,"288":1,"289":1,"291":1,"296":1,"303":1,"306":1,"307":1,"310":1,"311":1,"313":1,"314":1,"315":1,"316":1,"317":1,"318":1,"319":1,"321":1,"322":1,"324":1}},"/home/travis/build/npmtest/node-npmtest-telegraf/node_modules/telegraf/lib/index.js":{"path":"/home/travis/build/npmtest/node-npmtest-telegraf/node_modules/telegraf/lib/index.js","s":{"1":1,"2":1,"3":1},"b":{},"f":{},"fnMap":{},"statementMap":{"1":{"start":{"line":1,"column":0},"end":{"line":1,"column":38}},"2":{"start":{"line":2,"column":0},"end":{"line":10,"column":2}},"3":{"start":{"line":11,"column":0},"end":{"line":11,"column":25}}},"branchMap":{},"code":["const Telegraf = require('./telegraf')","Object.assign(Telegraf, {","  Telegram: require('./telegram'),","  TelegramError: require('./network/error'),","  Extra: require('./helpers/extra'),","  Markup: require('./helpers/markup'),","  memorySession: require('./core/session'),","  Composer: require('./core/composer'),","  Router: require('./core/router')","})","module.exports = Telegraf",""],"l":{"1":1,"2":1,"11":1}},"/home/travis/build/npmtest/node-npmtest-telegraf/node_modules/telegraf/lib/telegraf.js":{"path":"/home/travis/build/npmtest/node-npmtest-telegraf/node_modules/telegraf/lib/telegraf.js","s":{"1":1,"2":1,"3":1,"4":1,"5":1,"6":1,"7":0,"8":0,"9":0,"10":0,"11":0,"12":0,"13":0,"14":0,"15":0,"16":0,"17":0,"18":0,"19":0,"20":0,"21":0,"22":0,"23":0,"24":0,"25":0,"26":0,"27":0,"28":0,"29":0,"30":0,"31":0,"32":0,"33":0,"34":0,"35":0,"36":0,"37":0,"38":0,"39":0,"40":0,"41":0,"42":0,"43":0,"44":0,"45":0,"46":0,"47":0,"48":0,"49":0,"50":0,"51":0,"52":0,"53":0,"54":0,"55":0,"56":0,"57":0,"58":0,"59":0,"60":0,"61":0,"62":0,"63":0,"64":0,"65":0,"66":0,"67":0,"68":0,"69":0,"70":0,"71":0,"72":0,"73":1,"74":1,"75":1},"b":{"1":[0,0],"2":[0,0],"3":[0,0],"4":[0,0],"5":[0,0],"6":[0,0],"7":[0,0],"8":[0,0],"9":[0,0],"10":[0,0],"11":[0,0],"12":[0,0],"13":[0,0],"14":[0,0]},"f":{"1":0,"2":0,"3":0,"4":0,"5":0,"6":0,"7":0,"8":0,"9":0,"10":0,"11":0},"fnMap":{"1":{"name":"(anonymous_1)","line":9,"loc":{"start":{"line":9,"column":14},"end":{"line":9,"column":31}}},"2":{"name":"(anonymous_2)","line":29,"loc":{"start":{"line":29,"column":12},"end":{"line":29,"column":15}}},"3":{"name":"(anonymous_3)","line":33,"loc":{"start":{"line":33,"column":12},"end":{"line":33,"column":20}}},"4":{"name":"(anonymous_4)","line":38,"loc":{"start":{"line":38,"column":8},"end":{"line":38,"column":18}}},"5":{"name":"(anonymous_5)","line":43,"loc":{"start":{"line":43,"column":18},"end":{"line":43,"column":31}}},"6":{"name":"(anonymous_6)","line":47,"loc":{"start":{"line":47,"column":15},"end":{"line":47,"column":59}}},"7":{"name":"(anonymous_7)","line":60,"loc":{"start":{"line":60,"column":15},"end":{"line":60,"column":50}}},"8":{"name":"(anonymous_8)","line":74,"loc":{"start":{"line":74,"column":7},"end":{"line":74,"column":10}}},"9":{"name":"(anonymous_9)","line":82,"loc":{"start":{"line":82,"column":16},"end":{"line":82,"column":26}}},"10":{"name":"(anonymous_10)","line":96,"loc":{"start":{"line":96,"column":15},"end":{"line":96,"column":41}}},"11":{"name":"(anonymous_11)","line":106,"loc":{"start":{"line":106,"column":15},"end":{"line":106,"column":18}}}},"statementMap":{"1":{"start":{"line":1,"column":0},"end":{"line":1,"column":47}},"2":{"start":{"line":2,"column":0},"end":{"line":2,"column":28}},"3":{"start":{"line":3,"column":0},"end":{"line":3,"column":38}},"4":{"start":{"line":4,"column":0},"end":{"line":4,"column":53}},"5":{"start":{"line":5,"column":0},"end":{"line":5,"column":43}},"6":{"start":{"line":6,"column":0},"end":{"line":6,"column":41}},"7":{"start":{"line":10,"column":4},"end":{"line":10,"column":11}},"8":{"start":{"line":11,"column":4},"end":{"line":14,"column":15}},"9":{"start":{"line":15,"column":4},"end":{"line":15,"column":22}},"10":{"start":{"line":16,"column":4},"end":{"line":21,"column":5}},"11":{"start":{"line":17,"column":6},"end":{"line":17,"column":21}},"12":{"start":{"line":18,"column":6},"end":{"line":18,"column":71}},"13":{"start":{"line":19,"column":6},"end":{"line":19,"column":21}},"14":{"start":{"line":20,"column":6},"end":{"line":20,"column":15}},"15":{"start":{"line":22,"column":4},"end":{"line":22,"column":21}},"16":{"start":{"line":23,"column":4},"end":{"line":26,"column":5}},"17":{"start":{"line":30,"column":4},"end":{"line":30,"column":29}},"18":{"start":{"line":34,"column":4},"end":{"line":34,"column":30}},"19":{"start":{"line":35,"column":4},"end":{"line":35,"column":75}},"20":{"start":{"line":39,"column":4},"end":{"line":39,"column":30}},"21":{"start":{"line":40,"column":4},"end":{"line":40,"column":15}},"22":{"start":{"line":44,"column":4},"end":{"line":44,"column":89}},"23":{"start":{"line":44,"column":51},"end":{"line":44,"column":81}},"24":{"start":{"line":48,"column":4},"end":{"line":48,"column":32}},"25":{"start":{"line":49,"column":4},"end":{"line":49,"column":28}},"26":{"start":{"line":50,"column":4},"end":{"line":52,"column":12}},"27":{"start":{"line":53,"column":4},"end":{"line":56,"column":5}},"28":{"start":{"line":54,"column":6},"end":{"line":54,"column":31}},"29":{"start":{"line":55,"column":6},"end":{"line":55,"column":25}},"30":{"start":{"line":57,"column":4},"end":{"line":57,"column":15}},"31":{"start":{"line":61,"column":4},"end":{"line":61,"column":48}},"32":{"start":{"line":62,"column":4},"end":{"line":64,"column":17}},"33":{"start":{"line":63,"column":22},"end":{"line":63,"column":61}},"34":{"start":{"line":63,"column":48},"end":{"line":63,"column":60}},"35":{"start":{"line":65,"column":4},"end":{"line":67,"column":46}},"36":{"start":{"line":68,"column":4},"end":{"line":70,"column":6}},"37":{"start":{"line":69,"column":6},"end":{"line":69,"column":50}},"38":{"start":{"line":71,"column":4},"end":{"line":71,"column":15}},"39":{"start":{"line":75,"column":4},"end":{"line":75,"column":30}},"40":{"start":{"line":76,"column":4},"end":{"line":78,"column":5}},"41":{"start":{"line":77,"column":6},"end":{"line":77,"column":32}},"42":{"start":{"line":79,"column":4},"end":{"line":79,"column":15}},"43":{"start":{"line":83,"column":4},"end":{"line":85,"column":5}},"44":{"start":{"line":84,"column":6},"end":{"line":84,"column":66}},"45":{"start":{"line":86,"column":4},"end":{"line":86,"column":86}},"46":{"start":{"line":86,"column":59},"end":{"line":86,"column":84}},"47":{"start":{"line":87,"column":4},"end":{"line":89,"column":5}},"48":{"start":{"line":88,"column":6},"end":{"line":88,"column":23}},"49":{"start":{"line":90,"column":4},"end":{"line":93,"column":6}},"50":{"start":{"line":92,"column":31},"end":{"line":92,"column":79}},"51":{"start":{"line":97,"column":4},"end":{"line":97,"column":39}},"52":{"start":{"line":98,"column":4},"end":{"line":100,"column":21}},"53":{"start":{"line":101,"column":4},"end":{"line":101,"column":59}},"54":{"start":{"line":102,"column":4},"end":{"line":102,"column":36}},"55":{"start":{"line":103,"column":4},"end":{"line":103,"column":57}},"56":{"start":{"line":107,"column":4},"end":{"line":107,"column":74}},"57":{"start":{"line":108,"column":4},"end":{"line":110,"column":5}},"58":{"start":{"line":109,"column":6},"end":{"line":109,"column":12}},"59":{"start":{"line":111,"column":4},"end":{"line":129,"column":8}},"60":{"start":{"line":113,"column":8},"end":{"line":113,"column":62}},"61":{"start":{"line":114,"column":8},"end":{"line":114,"column":70}},"62":{"start":{"line":115,"column":8},"end":{"line":115,"column":77}},"63":{"start":{"line":115,"column":40},"end":{"line":115,"column":76}},"64":{"start":{"line":117,"column":25},"end":{"line":117,"column":72}},"65":{"start":{"line":117,"column":64},"end":{"line":117,"column":71}},"66":{"start":{"line":119,"column":8},"end":{"line":119,"column":56}},"67":{"start":{"line":120,"column":8},"end":{"line":120,"column":29}},"68":{"start":{"line":121,"column":8},"end":{"line":121,"column":34}},"69":{"start":{"line":122,"column":8},"end":{"line":122,"column":17}},"70":{"start":{"line":125,"column":8},"end":{"line":127,"column":9}},"71":{"start":{"line":126,"column":10},"end":{"line":126,"column":71}},"72":{"start":{"line":128,"column":8},"end":{"line":128,"column":27}},"73":{"start":{"line":133,"column":0},"end":{"line":133,"column":164}},"74":{"start":{"line":134,"column":0},"end":{"line":134,"column":152}},"75":{"start":{"line":136,"column":0},"end":{"line":136,"column":25}}},"branchMap":{"1":{"line":18,"type":"binary-expr","locations":[{"start":{"line":18,"column":21},"end":{"line":18,"column":30}},{"start":{"line":18,"column":34},"end":{"line":18,"column":48}}]},"2":{"line":50,"type":"cond-expr","locations":[{"start":{"line":51,"column":8},"end":{"line":51,"column":78}},{"start":{"line":52,"column":8},"end":{"line":52,"column":12}}]},"3":{"line":51,"type":"cond-expr","locations":[{"start":{"line":51,"column":40},"end":{"line":51,"column":54}},{"start":{"line":51,"column":57},"end":{"line":51,"column":78}}]},"4":{"line":53,"type":"if","locations":[{"start":{"line":53,"column":4},"end":{"line":53,"column":4}},{"start":{"line":53,"column":4},"end":{"line":53,"column":4}}]},"5":{"line":62,"type":"cond-expr","locations":[{"start":{"line":63,"column":8},"end":{"line":63,"column":61}},{"start":{"line":64,"column":8},"end":{"line":64,"column":17}}]},"6":{"line":62,"type":"binary-expr","locations":[{"start":{"line":62,"column":21},"end":{"line":62,"column":23}},{"start":{"line":62,"column":27},"end":{"line":62,"column":51}}]},"7":{"line":65,"type":"cond-expr","locations":[{"start":{"line":66,"column":8},"end":{"line":66,"column":59}},{"start":{"line":67,"column":8},"end":{"line":67,"column":46}}]},"8":{"line":76,"type":"if","locations":[{"start":{"line":76,"column":4},"end":{"line":76,"column":4}},{"start":{"line":76,"column":4},"end":{"line":76,"column":4}}]},"9":{"line":83,"type":"if","locations":[{"start":{"line":83,"column":4},"end":{"line":83,"column":4}},{"start":{"line":83,"column":4},"end":{"line":83,"column":4}}]},"10":{"line":87,"type":"if","locations":[{"start":{"line":87,"column":4},"end":{"line":87,"column":4}},{"start":{"line":87,"column":4},"end":{"line":87,"column":4}}]},"11":{"line":98,"type":"cond-expr","locations":[{"start":{"line":99,"column":8},"end":{"line":99,"column":72}},{"start":{"line":100,"column":8},"end":{"line":100,"column":21}}]},"12":{"line":108,"type":"if","locations":[{"start":{"line":108,"column":4},"end":{"line":108,"column":4}},{"start":{"line":108,"column":4},"end":{"line":108,"column":4}}]},"13":{"line":113,"type":"binary-expr","locations":[{"start":{"line":113,"column":21},"end":{"line":113,"column":35}},{"start":{"line":113,"column":39},"end":{"line":113,"column":62}}]},"14":{"line":125,"type":"if","locations":[{"start":{"line":125,"column":8},"end":{"line":125,"column":8}},{"start":{"line":125,"column":8},"end":{"line":125,"column":8}}]}},"code":["const debug = require('debug')('telegraf:core')","const util = require('util')","const Telegram = require('./telegram')","const generateCallback = require('./network/webhook')","const Composer = require('./core/composer')","const Context = require('./core/context')","","class Telegraf extends Composer {","  constructor (token, options) {","    super()","    this.options = Object.assign({","      retryAfter: 1,","      handlerTimeout: 0","    }, options)","    this.token = token","    this.handleError = (err) => {","      console.error()","      console.error((err.stack || err.toString()).replace(/^/gm, '  '))","      console.error()","      throw err","    }","    this.context = {}","    this.state = {","      offset: 0,","      started: false","    }","  }","","  get token () {","    return this.options.token","  }","","  set token (token) {","    this.options.token = token","    this.telegram = new Telegram(this.options.token, this.options.telegram)","  }/* eslint brace-style: 0 */","","  catch (handler) {","    this.handleError = handler","    return this","  }","","  webhookCallback (path = '/') {","    return generateCallback(path, (update, res) => this.handleUpdate(update, res), debug)","  }","","  startPolling (timeout = 30, limit = 100, allowedUpdates) {","    this.state.timeout = timeout","    this.state.limit = limit","    this.state.allowedUpdates = allowedUpdates","      ? Array.isArray(allowedUpdates) ? allowedUpdates : [`${allowedUpdates}`]","      : null","    if (!this.state.started) {","      this.state.started = true","      this.fetchUpdates()","    }","    return this","  }","","  startWebhook (path, tlsOptions, port, host, cb) {","    const webhookCb = this.webhookCallback(path)","    const callback = cb && typeof cb === 'function'","      ? (req, res) => webhookCb(req, res, () => cb(req, res))","      : webhookCb","    this.webhookServer = tlsOptions","      ? require('https').createServer(tlsOptions, callback)","      : require('http').createServer(callback)","    this.webhookServer.listen(port, host, () => {","      debug('Webhook listening on port: %s', port)","    })","    return this","  }","","  stop () {","    this.state.started = false","    if (this.webhookServer) {","      this.webhookServer.close()","    }","    return this","  }","","  handleUpdates (updates) {","    if (!Array.isArray(updates)) {","      return Promise.reject(new Error('Updates must be an array'))","    }","    const processAll = Promise.all(updates.map((update) => this.handleUpdate(update)))","    if (this.options.handlerTimeout === 0) {","      return processAll","    }","    return Promise.race([","      processAll,","      new Promise((resolve) => setTimeout(resolve, this.options.handlerTimeout))","    ])","  }","","  handleUpdate (update, webhookResponse) {","    debug('⚡ update', update.update_id)","    const telegram = webhookResponse","      ? new Telegram(this.token, this.options.telegram, webhookResponse)","      : this.telegram","    const ctx = new Context(update, telegram, this.options)","    Object.assign(ctx, this.context)","    return this.middleware()(ctx).catch(this.handleError)","  }","","  fetchUpdates () {","    const { timeout, limit, offset, started, allowedUpdates } = this.state","    if (!started) {","      return","    }","    this.telegram.getUpdates(timeout, limit, offset, allowedUpdates)","      .catch((err) => {","        const wait = err.retryAfter || this.options.retryAfter","        console.error(`Failed to get updates. Waiting: ${wait}s`, err)","        return new Promise((resolve) => setTimeout(resolve, wait * 1000, []))","      })","      .then((updates) => this.handleUpdates(updates).then(() => updates))","      .catch((err) => {","        console.error('Failed to process updates.', err)","        this.state.offset = 0","        this.state.started = false","        return []","      })","      .then((updates) => {","        if (updates.length > 0) {","          this.state.offset = updates[updates.length - 1].update_id + 1","        }","        this.fetchUpdates()","      })","  }","}","","Telegraf.prototype.webHookCallback = util.deprecate(Telegraf.prototype.webhookCallback, 'telegraf: `webHookCallback` is deprecated. Use `webhookCallback` instead.')","Telegraf.prototype.startWebHook = util.deprecate(Telegraf.prototype.startWebhook, 'telegraf: `startWebHook` is deprecated. Use `startWebhook` instead.')","","module.exports = Telegraf",""],"l":{"1":1,"2":1,"3":1,"4":1,"5":1,"6":1,"10":0,"11":0,"15":0,"16":0,"17":0,"18":0,"19":0,"20":0,"22":0,"23":0,"30":0,"34":0,"35":0,"39":0,"40":0,"44":0,"48":0,"49":0,"50":0,"53":0,"54":0,"55":0,"57":0,"61":0,"62":0,"63":0,"65":0,"68":0,"69":0,"71":0,"75":0,"76":0,"77":0,"79":0,"83":0,"84":0,"86":0,"87":0,"88":0,"90":0,"92":0,"97":0,"98":0,"101":0,"102":0,"103":0,"107":0,"108":0,"109":0,"111":0,"113":0,"114":0,"115":0,"117":0,"119":0,"120":0,"121":0,"122":0,"125":0,"126":0,"128":0,"133":1,"134":1,"136":1}},"/home/travis/build/npmtest/node-npmtest-telegraf/node_modules/telegraf/lib/telegram.js":{"path":"/home/travis/build/npmtest/node-npmtest-telegraf/node_modules/telegraf/lib/telegram.js","s":{"1":1,"2":1,"3":1,"4":0,"5":0,"6":0,"7":0,"8":0,"9":0,"10":0,"11":0,"12":0,"13":0,"14":0,"15":0,"16":0,"17":0,"18":0,"19":0,"20":0,"21":0,"22":0,"23":0,"24":0,"25":0,"26":0,"27":0,"28":0,"29":0,"30":0,"31":0,"32":0,"33":0,"34":0,"35":0,"36":0,"37":0,"38":0,"39":0,"40":0,"41":0,"42":0,"43":0,"44":0,"45":0,"46":0,"47":0,"48":0,"49":0,"50":0,"51":1,"52":1,"53":1},"b":{"1":[0,0],"2":[0,0],"3":[0,0],"4":[0,0],"5":[0,0]},"f":{"1":0,"2":0,"3":0,"4":0,"5":0,"6":0,"7":0,"8":0,"9":0,"10":0,"11":0,"12":0,"13":0,"14":0,"15":0,"16":0,"17":0,"18":0,"19":0,"20":0,"21":0,"22":0,"23":0,"24":0,"25":0,"26":0,"27":0,"28":0,"29":0,"30":0,"31":0,"32":0,"33":0,"34":0,"35":0,"36":0},"fnMap":{"1":{"name":"(anonymous_1)","line":6,"loc":{"start":{"line":6,"column":8},"end":{"line":6,"column":11}}},"2":{"name":"(anonymous_2)","line":10,"loc":{"start":{"line":10,"column":10},"end":{"line":10,"column":19}}},"3":{"name":"(anonymous_3)","line":14,"loc":{"start":{"line":14,"column":14},"end":{"line":14,"column":23}}},"4":{"name":"(anonymous_4)","line":26,"loc":{"start":{"line":26,"column":13},"end":{"line":26,"column":54}}},"5":{"name":"(anonymous_5)","line":33,"loc":{"start":{"line":33,"column":17},"end":{"line":33,"column":20}}},"6":{"name":"(anonymous_6)","line":37,"loc":{"start":{"line":37,"column":20},"end":{"line":37,"column":65}}},"7":{"name":"(anonymous_7)","line":46,"loc":{"start":{"line":46,"column":15},"end":{"line":46,"column":94}}},"8":{"name":"(anonymous_8)","line":58,"loc":{"start":{"line":58,"column":13},"end":{"line":58,"column":57}}},"9":{"name":"(anonymous_9)","line":67,"loc":{"start":{"line":67,"column":16},"end":{"line":67,"column":19}}},"10":{"name":"(anonymous_10)","line":71,"loc":{"start":{"line":71,"column":14},"end":{"line":71,"column":36}}},"11":{"name":"(anonymous_11)","line":75,"loc":{"start":{"line":75,"column":17},"end":{"line":75,"column":56}}},"12":{"name":"(anonymous_12)","line":83,"loc":{"start":{"line":83,"column":17},"end":{"line":83,"column":34}}},"13":{"name":"(anonymous_13)","line":87,"loc":{"start":{"line":87,"column":23},"end":{"line":87,"column":47}}},"14":{"name":"(anonymous_14)","line":91,"loc":{"start":{"line":91,"column":15},"end":{"line":91,"column":52}}},"15":{"name":"(anonymous_15)","line":95,"loc":{"start":{"line":95,"column":12},"end":{"line":95,"column":65}}},"16":{"name":"(anonymous_16)","line":105,"loc":{"start":{"line":105,"column":14},"end":{"line":105,"column":54}}},"17":{"name":"(anonymous_17)","line":109,"loc":{"start":{"line":109,"column":12},"end":{"line":109,"column":35}}},"18":{"name":"(anonymous_18)","line":113,"loc":{"start":{"line":113,"column":15},"end":{"line":113,"column":36}}},"19":{"name":"(anonymous_19)","line":117,"loc":{"start":{"line":117,"column":12},"end":{"line":117,"column":35}}},"20":{"name":"(anonymous_20)","line":121,"loc":{"start":{"line":121,"column":14},"end":{"line":121,"column":39}}},"21":{"name":"(anonymous_21)","line":125,"loc":{"start":{"line":125,"column":12},"end":{"line":125,"column":35}}},"22":{"name":"(anonymous_22)","line":129,"loc":{"start":{"line":129,"column":12},"end":{"line":129,"column":35}}},"23":{"name":"(anonymous_23)","line":133,"loc":{"start":{"line":133,"column":11},"end":{"line":133,"column":37}}},"24":{"name":"(anonymous_24)","line":137,"loc":{"start":{"line":137,"column":10},"end":{"line":137,"column":19}}},"25":{"name":"(anonymous_25)","line":141,"loc":{"start":{"line":141,"column":24},"end":{"line":141,"column":33}}},"26":{"name":"(anonymous_26)","line":145,"loc":{"start":{"line":145,"column":16},"end":{"line":145,"column":33}}},"27":{"name":"(anonymous_27)","line":149,"loc":{"start":{"line":149,"column":22},"end":{"line":149,"column":31}}},"28":{"name":"(anonymous_28)","line":153,"loc":{"start":{"line":153,"column":20},"end":{"line":153,"column":52}}},"29":{"name":"(anonymous_29)","line":157,"loc":{"start":{"line":157,"column":17},"end":{"line":157,"column":34}}},"30":{"name":"(anonymous_30)","line":161,"loc":{"start":{"line":161,"column":12},"end":{"line":161,"column":21}}},"31":{"name":"(anonymous_31)","line":165,"loc":{"start":{"line":165,"column":18},"end":{"line":165,"column":35}}},"32":{"name":"(anonymous_32)","line":169,"loc":{"start":{"line":169,"column":22},"end":{"line":169,"column":73}}},"33":{"name":"(anonymous_33)","line":179,"loc":{"start":{"line":179,"column":18},"end":{"line":179,"column":68}}},"34":{"name":"(anonymous_34)","line":188,"loc":{"start":{"line":188,"column":21},"end":{"line":188,"column":75}}},"35":{"name":"(anonymous_35)","line":198,"loc":{"start":{"line":198,"column":25},"end":{"line":198,"column":70}}},"36":{"name":"(anonymous_36)","line":207,"loc":{"start":{"line":207,"column":11},"end":{"line":207,"column":36}}}},"statementMap":{"1":{"start":{"line":1,"column":0},"end":{"line":1,"column":28}},"2":{"start":{"line":2,"column":0},"end":{"line":2,"column":52}},"3":{"start":{"line":3,"column":0},"end":{"line":3,"column":45}},"4":{"start":{"line":7,"column":4},"end":{"line":7,"column":32}},"5":{"start":{"line":11,"column":4},"end":{"line":11,"column":53}},"6":{"start":{"line":15,"column":4},"end":{"line":23,"column":88}},"7":{"start":{"line":17,"column":8},"end":{"line":19,"column":9}},"8":{"start":{"line":18,"column":10},"end":{"line":18,"column":23}},"9":{"start":{"line":20,"column":8},"end":{"line":20,"column":69}},"10":{"start":{"line":21,"column":8},"end":{"line":21,"column":31}},"11":{"start":{"line":23,"column":22},"end":{"line":23,"column":87}},"12":{"start":{"line":27,"column":4},"end":{"line":27,"column":77}},"13":{"start":{"line":28,"column":4},"end":{"line":30,"column":6}},"14":{"start":{"line":34,"column":4},"end":{"line":34,"column":41}},"15":{"start":{"line":38,"column":4},"end":{"line":43,"column":6}},"16":{"start":{"line":47,"column":4},"end":{"line":55,"column":6}},"17":{"start":{"line":59,"column":4},"end":{"line":64,"column":6}},"18":{"start":{"line":68,"column":4},"end":{"line":68,"column":40}},"19":{"start":{"line":72,"column":4},"end":{"line":72,"column":93}},"20":{"start":{"line":76,"column":4},"end":{"line":80,"column":14}},"21":{"start":{"line":84,"column":4},"end":{"line":84,"column":78}},"22":{"start":{"line":88,"column":4},"end":{"line":88,"column":98}},"23":{"start":{"line":92,"column":4},"end":{"line":92,"column":124}},"24":{"start":{"line":96,"column":4},"end":{"line":102,"column":14}},"25":{"start":{"line":106,"column":4},"end":{"line":106,"column":131}},"26":{"start":{"line":110,"column":4},"end":{"line":110,"column":93}},"27":{"start":{"line":114,"column":4},"end":{"line":114,"column":97}},"28":{"start":{"line":118,"column":4},"end":{"line":118,"column":93}},"29":{"start":{"line":122,"column":4},"end":{"line":122,"column":99}},"30":{"start":{"line":126,"column":4},"end":{"line":126,"column":93}},"31":{"start":{"line":130,"column":4},"end":{"line":130,"column":93}},"32":{"start":{"line":134,"column":4},"end":{"line":134,"column":105}},"33":{"start":{"line":138,"column":4},"end":{"line":138,"column":53}},"34":{"start":{"line":142,"column":4},"end":{"line":142,"column":67}},"35":{"start":{"line":146,"column":4},"end":{"line":146,"column":78}},"36":{"start":{"line":150,"column":4},"end":{"line":150,"column":65}},"37":{"start":{"line":154,"column":4},"end":{"line":154,"column":136}},"38":{"start":{"line":158,"column":4},"end":{"line":158,"column":79}},"39":{"start":{"line":162,"column":4},"end":{"line":162,"column":55}},"40":{"start":{"line":166,"column":4},"end":{"line":166,"column":80}},"41":{"start":{"line":170,"column":4},"end":{"line":176,"column":6}},"42":{"start":{"line":180,"column":4},"end":{"line":185,"column":14}},"43":{"start":{"line":189,"column":4},"end":{"line":195,"column":6}},"44":{"start":{"line":199,"column":4},"end":{"line":204,"column":6}},"45":{"start":{"line":208,"column":4},"end":{"line":210,"column":6}},"46":{"start":{"line":209,"column":6},"end":{"line":209,"column":26}},"47":{"start":{"line":211,"column":4},"end":{"line":213,"column":5}},"48":{"start":{"line":212,"column":6},"end":{"line":212,"column":49}},"49":{"start":{"line":214,"column":4},"end":{"line":214,"column":84}},"50":{"start":{"line":215,"column":4},"end":{"line":215,"column":60}},"51":{"start":{"line":219,"column":0},"end":{"line":219,"column":150}},"52":{"start":{"line":220,"column":0},"end":{"line":220,"column":156}},"53":{"start":{"line":222,"column":0},"end":{"line":222,"column":25}}},"branchMap":{"1":{"line":17,"type":"if","locations":[{"start":{"line":17,"column":8},"end":{"line":17,"column":8}},{"start":{"line":17,"column":8},"end":{"line":17,"column":8}}]},"2":{"line":17,"type":"binary-expr","locations":[{"start":{"line":17,"column":12},"end":{"line":17,"column":18}},{"start":{"line":17,"column":22},"end":{"line":17,"column":38}}]},"3":{"line":20,"type":"cond-expr","locations":[{"start":{"line":20,"column":46},"end":{"line":20,"column":60}},{"start":{"line":20,"column":63},"end":{"line":20,"column":69}}]},"4":{"line":20,"type":"binary-expr","locations":[{"start":{"line":20,"column":19},"end":{"line":20,"column":25}},{"start":{"line":20,"column":29},"end":{"line":20,"column":43}}]},"5":{"line":211,"type":"if","locations":[{"start":{"line":211,"column":4},"end":{"line":211,"column":4}},{"start":{"line":211,"column":4},"end":{"line":211,"column":4}}]}},"code":["const util = require('util')","const replicators = require('./helpers/replicators')","const ApiClient = require('./network/client')","","class Telegram extends ApiClient {","  getMe () {","    return this.callApi('getMe')","  }","","  getFile (fileId) {","    return this.callApi('getFile', {file_id: fileId})","  }","","  getFileLink (fileId) {","    return Promise.resolve(fileId)","      .then((fileId) => {","        if (fileId && fileId.file_path) {","          return fileId","        }","        const id = fileId && fileId.file_id ? fileId.file_id : fileId","        return this.getFile(id)","      })","      .then((file) => `${this.options.apiRoot}/file/bot${this.token}/${file.file_path}`)","  }","","  getUpdates (timeout, limit, offset, allowedUpdates) {","    let url = `getUpdates?offset=${offset}&limit=${limit}&timeout=${timeout}`","    return this.callApi(url, {","      allowed_updates: allowedUpdates","    })","  }","","  getWebhookInfo () {","    return this.callApi(`getWebhookInfo`)","  }","","  getGameHighScores (userId, inlineMessageId, chatId, messageId) {","    return this.callApi(`getGameHighScores`, {","      user_id: userId,","      inline_message_id: inlineMessageId,","      chat_id: chatId,","      message_id: messageId","    })","  }","","  setGameScore (userId, score, inlineMessageId, chatId, messageId, editMessage = true, force) {","    return this.callApi(`setGameScore`, {","      user_id: userId,","      score: score,","      inline_message_id: inlineMessageId,","      chat_id: chatId,","      message_id: messageId,","      disable_edit_message: !editMessage,","      force: force","    })","  }","","  setWebhook (url, cert, maxConnections, allowedUpdates) {","    return this.callApi('setWebhook', {","      url: url,","      certificate: cert,","      max_connections: maxConnections,","      allowed_updates: allowedUpdates","    })","  }","","  deleteWebhook () {","    return this.callApi('deleteWebhook')","  }","","  sendMessage (chatId, text, extra) {","    return this.callApi('sendMessage', Object.assign({ chat_id: chatId, text: text }, extra))","  }","","  forwardMessage (chatId, fromChatId, messageId, extra) {","    return this.callApi('forwardMessage', Object.assign({","      chat_id: chatId,","      from_chat_id: fromChatId,","      message_id: messageId","    }, extra))","  }","","  sendChatAction (chatId, action) {","    return this.callApi('sendChatAction', { chat_id: chatId, action: action })","  }","","  getUserProfilePhotos (userId, offset, limit) {","    return this.callApi('getUserProfilePhotos', { user_id: userId, offset: offset, limit: limit })","  }","","  sendLocation (chatId, latitude, longitude, extra) {","    return this.callApi('sendLocation', Object.assign({ chat_id: chatId, latitude: latitude, longitude: longitude }, extra))","  }","","  sendVenue (chatId, latitude, longitude, title, address, extra) {","    return this.callApi('sendVenue', Object.assign({","      chat_id: chatId,","      latitude: latitude,","      longitude: longitude,","      title: title,","      address: address","    }, extra))","  }","","  sendContact (chatId, phoneNumber, firstName, extra) {","    return this.callApi('sendContact', Object.assign({ chat_id: chatId, phone_number: phoneNumber, first_name: firstName }, extra))","  }","","  sendPhoto (chatId, photo, extra) {","    return this.callApi('sendPhoto', Object.assign({ chat_id: chatId, photo: photo }, extra))","  }","","  sendDocument (chatId, doc, extra) {","    return this.callApi('sendDocument', Object.assign({ chat_id: chatId, document: doc }, extra))","  }","","  sendAudio (chatId, audio, extra) {","    return this.callApi('sendAudio', Object.assign({ chat_id: chatId, audio: audio }, extra))","  }","","  sendSticker (chatId, sticker, extra) {","    return this.callApi('sendSticker', Object.assign({ chat_id: chatId, sticker: sticker }, extra))","  }","","  sendVideo (chatId, video, extra) {","    return this.callApi('sendVideo', Object.assign({ chat_id: chatId, video: video }, extra))","  }","","  sendVoice (chatId, voice, extra) {","    return this.callApi('sendVoice', Object.assign({ chat_id: chatId, voice: voice }, extra))","  }","","  sendGame (chatId, gameName, extra) {","    return this.callApi('sendGame', Object.assign({ chat_id: chatId, game_short_name: gameName }, extra))","  }","","  getChat (chatId) {","    return this.callApi('getChat', {chat_id: chatId})","  }","","  getChatAdministrators (chatId) {","    return this.callApi('getChatAdministrators', {chat_id: chatId})","  }","","  getChatMember (chatId, userId) {","    return this.callApi('getChatMember', { chat_id: chatId, user_id: userId })","  }","","  getChatMembersCount (chatId) {","    return this.callApi('getChatMembersCount', {chat_id: chatId})","  }","","  answerInlineQuery (inlineQueryId, results, extra) {","    return this.callApi('answerInlineQuery', Object.assign({
[...]
6)","line":77,"loc":{"start":{"line":77,"column":20},"end":{"line":77,"column":28}}},"17":{"name":"(anonymous_17)","line":81,"loc":{"start":{"line":81,"column":18},"end":{"line":81,"column":37}}},"18":{"name":"(anonymous_18)","line":85,"loc":{"start":{"line":85,"column":24},"end":{"line":85,"column":43}}},"19":{"name":"(anonymous_19)","line":89,"loc":{"start":{"line":89,"column":16},"end":{"line":89,"column":31}}},"20":{"name":"(anonymous_20)","line":93,"loc":{"start":{"line":93,"column":17},"end":{"line":93,"column":32}}},"21":{"name":"(anonymous_21)","line":97,"loc":{"start":{"line":97,"column":16},"end":{"line":97,"column":29}}},"22":{"name":"(anonymous_22)","line":101,"loc":{"start":{"line":101,"column":30},"end":{"line":101,"column":51}}},"23":{"name":"(anonymous_23)","line":105,"loc":{"start":{"line":105,"column":31},"end":{"line":105,"column":52}}},"24":{"name":"(anonymous_24)","line":109,"loc":{"start":{"line":109,"column":19},"end":{"line":109,"column":45}}},"25":{"name":"(anonymous_25)","line":113,"loc":{"start":{"line":113,"column":24},"end":{"line":113,"column":51}}},"26":{"name":"(anonymous_26)","line":117,"loc":{"start":{"line":117,"column":28},"end":{"line":117,"column":56}}},"27":{"name":"(anonymous_27)","line":121,"loc":{"start":{"line":121,"column":35},"end":{"line":121,"column":63}}},"28":{"name":"(anonymous_28)","line":125,"loc":{"start":{"line":125,"column":20},"end":{"line":125,"column":41}}},"29":{"name":"buildKeyboard","line":130,"loc":{"start":{"line":130,"column":0},"end":{"line":130,"column":42}}}},"statementMap":{"1":{"start":{"line":1,"column":0},"end":{"line":1,"column":28}},"2":{"start":{"line":5,"column":4},"end":{"line":5,"column":28}},"3":{"start":{"line":6,"column":4},"end":{"line":6,"column":15}},"4":{"start":{"line":10,"column":4},"end":{"line":10,"column":32}},"5":{"start":{"line":11,"column":4},"end":{"line":11,"column":15}},"6":{"start":{"line":15,"column":4},"end":{"line":15,"column":26}},"7":{"start":{"line":16,"column":4},"end":{"line":16,"column":15}},"8":{"start":{"line":20,"column":4},"end":{"line":20,"column":52}},"9":{"start":{"line":24,"column":4},"end":{"line":24,"column":81}},"10":{"start":{"line":25,"column":4},"end":{"line":27,"column":5}},"11":{"start":{"line":26,"column":6},"end":{"line":26,"column":30}},"12":{"start":{"line":28,"column":4},"end":{"line":28,"column":15}},"13":{"start":{"line":32,"column":4},"end":{"line":32,"column":32}},"14":{"start":{"line":33,"column":4},"end":{"line":33,"column":15}},"15":{"start":{"line":37,"column":4},"end":{"line":37,"column":34}},"16":{"start":{"line":38,"column":4},"end":{"line":38,"column":15}},"17":{"start":{"line":42,"column":4},"end":{"line":42,"column":94}},"18":{"start":{"line":43,"column":4},"end":{"line":45,"column":5}},"19":{"start":{"line":44,"column":6},"end":{"line":44,"column":37}},"20":{"start":{"line":46,"column":4},"end":{"line":46,"column":15}},"21":{"start":{"line":50,"column":4},"end":{"line":50,"column":36}},"22":{"start":{"line":54,"column":4},"end":{"line":54,"column":50}},"23":{"start":{"line":58,"column":4},"end":{"line":58,"column":51}},"24":{"start":{"line":62,"column":4},"end":{"line":62,"column":44}},"25":{"start":{"line":66,"column":4},"end":{"line":66,"column":50}},"26":{"start":{"line":70,"column":4},"end":{"line":70,"column":40}},"27":{"start":{"line":74,"column":4},"end":{"line":74,"column":45}},"28":{"start":{"line":78,"column":4},"end":{"line":78,"column":41}},"29":{"start":{"line":82,"column":4},"end":{"line":82,"column":50}},"30":{"start":{"line":86,"column":4},"end":{"line":86,"column":56}},"31":{"start":{"line":90,"column":4},"end":{"line":90,"column":37}},"32":{"start":{"line":94,"column":4},"end":{"line":94,"column":38}},"33":{"start":{"line":98,"column":4},"end":{"line":98,"column":37}},"34":{"start":{"line":102,"column":4},"end":{"line":102,"column":60}},"35":{"start":{"line":106,"column":4},"end":{"line":106,"column":61}},"36":{"start":{"line":110,"column":4},"end":{"line":110,"column":47}},"37":{"start":{"line":114,"column":4},"end":{"line":114,"column":58}},"38":{"start":{"line":118,"column":4},"end":{"line":118,"column":65}},"39":{"start":{"line":122,"column":4},"end":{"line":122,"column":78}},"40":{"start":{"line":126,"column":4},"end":{"line":126,"column":56}},"41":{"start":{"line":130,"column":0},"end":{"line":153,"column":1}},"42":{"start":{"line":131,"column":2},"end":{"line":131,"column":19}},"43":{"start":{"line":132,"column":2},"end":{"line":134,"column":3}},"44":{"start":{"line":133,"column":4},"end":{"line":133,"column":17}},"45":{"start":{"line":135,"column":2},"end":{"line":137,"column":3}},"46":{"start":{"line":136,"column":4},"end":{"line":136,"column":67}},"47":{"start":{"line":136,"column":30},"end":{"line":136,"column":66}},"48":{"start":{"line":136,"column":53},"end":{"line":136,"column":65}},"49":{"start":{"line":138,"column":2},"end":{"line":138,"column":110}},"50":{"start":{"line":138,"column":65},"end":{"line":138,"column":98}},"51":{"start":{"line":139,"column":2},"end":{"line":139,"column":21}},"52":{"start":{"line":140,"column":2},"end":{"line":140,"column":15}},"53":{"start":{"line":141,"column":2},"end":{"line":148,"column":3}},"54":{"start":{"line":141,"column":47},"end":{"line":141,"column":59}},"55":{"start":{"line":142,"column":4},"end":{"line":145,"column":5}},"56":{"start":{"line":143,"column":6},"end":{"line":143,"column":29}},"57":{"start":{"line":144,"column":6},"end":{"line":144,"column":21}},"58":{"start":{"line":146,"column":4},"end":{"line":146,"column":24}},"59":{"start":{"line":147,"column":4},"end":{"line":147,"column":11}},"60":{"start":{"line":149,"column":2},"end":{"line":151,"column":3}},"61":{"start":{"line":150,"column":4},"end":{"line":150,"column":27}},"62":{"start":{"line":152,"column":2},"end":{"line":152,"column":15}},"63":{"start":{"line":155,"column":0},"end":{"line":155,"column":132}},"64":{"start":{"line":156,"column":0},"end":{"line":156,"column":152}},"65":{"start":{"line":158,"column":0},"end":{"line":158,"column":23}}},"branchMap":{"1":{"line":25,"type":"if","locations":[{"start":{"line":25,"column":4},"end":{"line":25,"column":4}},{"start":{"line":25,"column":4},"end":{"line":25,"column":4}}]},"2":{"line":25,"type":"binary-expr","locations":[{"start":{"line":25,"column":8},"end":{"line":25,"column":16}},{"start":{"line":25,"column":20},"end":{"line":25,"column":39}}]},"3":{"line":43,"type":"if","locations":[{"start":{"line":43,"column":4},"end":{"line":43,"column":4}},{"start":{"line":43,"column":4},"end":{"line":43,"column":4}}]},"4":{"line":43,"type":"binary-expr","locations":[{"start":{"line":43,"column":8},"end":{"line":43,"column":16}},{"start":{"line":43,"column":20},"end":{"line":43,"column":39}}]},"5":{"line":132,"type":"if","locations":[{"start":{"line":132,"column":2},"end":{"line":132,"column":2}},{"start":{"line":132,"column":2},"end":{"line":132,"column":2}}]},"6":{"line":135,"type":"if","locations":[{"start":{"line":135,"column":2},"end":{"line":135,"column":2}},{"start":{"line":135,"column":2},"end":{"line":135,"column":2}}]},"7":{"line":142,"type":"if","locations":[{"start":{"line":142,"column":4},"end":{"line":142,"column":4}},{"start":{"line":142,"column":4},"end":{"line":142,"column":4}}]},"8":{"line":142,"type":"binary-expr","locations":[{"start":{"line":142,"column":8},"end":{"line":142,"column":41}},{"start":{"line":142,"column":45},"end":{"line":142,"column":66}}]},"9":{"line":149,"type":"if","locations":[{"start":{"line":149,"column":2},"end":{"line":149,"column":2}},{"start":{"line":149,"column":2},"end":{"line":149,"column":2}}]}},"code":["const util = require('util')","","class Markup {","  forceReply (value = true) {","    this.force_reply = value","    return this","  }","","  removeKeyboard (value = true) {","    this.remove_keyboard = value","    return this","  }","","  selective (value = true) {","    this.selective = value","    return this","  }","","  extra () {","    return { reply_markup: Object.assign({}, this) }","  }","","  keyboard (buttons, options) {","    const keyboard = buildKeyboard(buttons, Object.assign({columns: 1}, options))","    if (keyboard && keyboard.length > 0) {","      this.keyboard = keyboard","    }","    return this","  }","","  resize (value = true) {","    this.resize_keyboard = value","    return this","  }","","  oneTime (value = true) {","    this.one_time_keyboard = value","    return this","  }","","  inlineKeyboard (buttons, options) {","    const keyboard = buildKeyboard(buttons, Object.assign({columns: buttons.length}, options))","    if (keyboard && keyboard.length > 0) {","      this.inline_keyboard = keyboard","    }","    return this","  }","","  button (text, hide) {","    return Markup.button(text, hide)","  }","","  contactRequestButton (text, hide) {","    return Markup.contactRequestButton(text, hide)","  }","","  locationRequestButton (text, hide) {","    return Markup.locationRequestButton(text, hide)","  }","","  urlButton (text, url, hide) {","    return Markup.urlButton(text, url, hide)","  }","","  callbackButton (text, data, hide) {","    return Markup.callbackButton(text, data, hide)","  }","","  gameButton (text, hide) {","    return Markup.gameButton(text, hide)","  }","","  static removeKeyboard (value) {","    return new Markup().removeKeyboard(value)","  }","","  static forceReply (value) {","    return new Markup().forceReply(value)","  }","","  static keyboard (buttons, options) {","    return new Markup().keyboard(buttons, options)","  }","","  static inlineKeyboard (buttons, options) {","    return new Markup().inlineKeyboard(buttons, options)","  }","","  static resize (value = true) {","    return new Markup().resize(value)","  }","","  static oneTime (value = true) {","    return new Markup().oneTime(value)","  }","","  static button (text, hide) {","    return { text: text, hide: hide }","  }","","  static contactRequestButton (text, hide = false) {","    return { text: text, request_contact: true, hide: hide }","  }","","  static locationRequestButton (text, hide = false) {","    return { text: text, request_location: true, hide: hide }","  }","","  static urlButton (text, url, hide = false) {","    return { text: text, url: url, hide: hide }","  }","","  static callbackButton (text, data, hide = false) {","    return { text: text, callback_data: data, hide: hide }","  }","","  static switchToChatButton (text, value, hide = false) {","    return { text: text, switch_inline_query: value, hide: hide }","  }","","  static switchToCurrentChatButton (text, value, hide = false) {","    return { text: text, switch_inline_query_current_chat: value, hide: hide }","  }","","  static gameButton (text, hide = false) {","    return { text: text, callback_game: {}, hide: hide }","  }","}","","function buildKeyboard (buttons, options) {","  const result = []","  if (!Array.isArray(buttons)) {","    return result","  }","  if (buttons.find(Array.isArray)) {","    return buttons.map(row => row.filter((button) => !button.hide))","  }","  const opts = Object.assign({ wrap: (btn, index, currentRow) => currentRow.length >= opts.columns }, options)","  let currentRow = []","  let index = 0","  for (const btn of buttons.filter((button) => !button.hide)) {","    if (opts.wrap(btn, index, currentRow) && currentRow.length > 0) {","      result.push(currentRow)","      currentRow = []","    }","    currentRow.push(btn)","    index++","  }","  if (currentRow.length > 0) {","    result.push(currentRow)","  }","  return result","}","","Markup.hideKeyboard = util.deprecate(Markup.removeKeyboard, 'telegraf: `hideKeyboard` is deprecated. Use `removeKeyboard` instead.')","Markup.prototype.hideKeyboard = util.deprecate(Markup.prototype.removeKeyboard, 'telegraf: `hideKeyboard` is deprecated. Use `removeKeyboard` instead.')","","module.exports = Markup",""],"l":{"1":1,"5":0,"6":0,"10":0,"11":0,"15":0,"16":0,"20":0,"24":0,"25":0,"26":0,"28":0,"32":0,"33":0,"37":0,"38":0,"42":0,"43":0,"44":0,"46":0,"50":0,"54":0,"58":0,"62":0,"66":0,"70":0,"74":0,"78":0,"82":0,"86":0,"90":0,"94":0,"98":0,"102":0,"106":0,"110":0,"114":0,"118":0,"122":0,"126":0,"130":1,"131":0,"132":0,"133":0,"135":0,"136":0,"138":0,"139":0,"140":0,"141":0,"142":0,"143":0,"144":0,"146":0,"147":0,"149":0,"150":0,"152":0,"155":1,"156":1,"158":1}},"/home/travis/build/npmtest/node-npmtest-telegraf/node_modules/telegraf/lib/core/session.js":{"path":"/home/travis/build/npmtest/node-npmtest-telegraf/node_modules/telegraf/lib/core/session.js","s":{"1":1,"2":0,"3":0,"4":0,"5":0,"6":0,"7":0,"8":0,"9":0,"10":0,"11":0,"12":0,"13":0,"14":0,"15":0},"b":{"1":[0,0,0],"2":[0,0],"3":[0,0]},"f":{"1":0,"2":0,"3":0},"fnMap":{"1":{"name":"(anonymous_1)","line":1,"loc":{"start":{"line":1,"column":17},"end":{"line":1,"column":33}}},"2":{"name":"(anonymous_2)","line":15,"loc":{"start":{"line":15,"column":11},"end":{"line":15,"column":23}}},"3":{"name":"(anonymous_3)","line":16,"loc":{"start":{"line":16,"column":11},"end":{"line":16,"column":31}}}},"statementMap":{"1":{"start":{"line":1,"column":0},"end":{"line":24,"column":1}},"2":{"start":{"line":2,"column":2},"end":{"line":5,"column":10}},"3":{"start":{"line":4,"column":28},"end":{"line":4,"column":83}},"4":{"start":{"line":7,"column":2},"end":{"line":7,"column":25}},"5":{"start":{"line":8,"column":2},"end":{"line":23,"column":3}},"6":{"start":{"line":9,"column":4},"end":{"line":9,"column":39}},"7":{"start":{"line":10,"column":4},"end":{"line":12,"column":5}},"8":{"start":{"line":11,"column":6},"end":{"line":11,"column":19}},"9":{"start":{"line":13,"column":4},"end":{"line":13,"column":38}},"10":{"start":{"line":14,"column":4},"end":{"line":17,"column":6}},"11":{"start":{"line":15,"column":25},"end":{"line":15,"column":40}},"12":{"start":{"line":16,"column":33},"end":{"line":16,"column":71}},"13":{"start":{"line":18,"column":4},"end":{"line":22,"column":5}},"14":{"start":{"line":19,"column":6},"end":{"line":19,"column":19}},"15":{"start":{"line":21,"column":6},"end":{"line":21,"column":29}}},"branchMap":{"1":{"line":4,"type":"binary-expr","locations":[{"start":{"line":4,"column":28},"end":{"line":4,"column":36}},{"start":{"line":4,"column":40},"end":{"line":4,"column":48}},{"start":{"line":4,"column":52},"end":{"line":4,"column":83}}]},"2":{"line":10,"type":"if","locations":[{"start":{"line":10,"column":4},"end":{"line":10,"column":4}},{"start":{"line":10,"column":4},"end":{"line":10,"column":4}}]},"3":{"line":13,"type":"binary-expr","locations":[{"start":{"line":13,"column":18},"end":{"line":13,"column":32}},{"start":{"line":13,"column":36},"end":{"line":13,"column":38}}]}},"code":["module.exports = function (opts) {","  opts = Object.assign({","    sessionName: 'session',","    getSessionKey: (ctx) => ctx.from && ctx.chat && `${ctx.from.id}:${ctx.chat.id}`","  }, opts)","","  const store = new Map()","  return (ctx, next) => {","    const key = opts.getSessionKey(ctx)","    if (!key) {","      return next()","    }","    let session = store.get(key) || {}","    Object.defineProperty(ctx, opts.sessionName, {","      get: function () { return session },","      set: function (newValue) { session = Object.assign({}, newValue) }","    })","    try {","      return next()","    } finally {","      store.set(key, session)","    }","  }","}",""],"l":{"1":1,"2":0,"4":0,"7":0,"8":0,"9":0,"10":0,"11":0,"13":0,"14":0,"15":0,"16":0,"18":0,"19":0,"21":0}},"/home/travis/build/npmtest/node-npmtest-telegraf/node_modules/telegraf/lib/core/router.js":{"path":"/home/travis/build/npmtest/node-npmtest-telegraf/node_modules/telegraf/lib/core/router.js","s":{"1":1,"2":0,"3":0,"4":0,"5":0,"6":0,"7":0,"8":0,"9":0,"10":0,"11":0,"12":0,"13":0,"14":0,"15":0,"16":0,"17":0,"18":0,"19":0,"20":0,"21":0,"22":1},"b":{"1":[0,0],"2":[0,0],"3":[0,0],"4":[0,0],"5":[0,0,0]},"f":{"1":0,"2":0,"3":0,"4":0},"fnMap":{"1":{"name":"(anonymous_1)","line":4,"loc":{"start":{"line":4,"column":14},"end":{"line":4,"column":24}}},"2":{"name":"(anonymous_2)","line":13,"loc":{"start":{"line":13,"column":5},"end":{"line":13,"column":21}}},"3":{"name":"(anonymous_3)","line":21,"loc":{"start":{"line":21,"column":12},"end":{"line":21,"column":21}}},"4":{"name":"(anonymous_4)","line":29,"loc":{"start":{"line":29,"column":13},"end":{"line":29,"column":16}}}},"statementMap":{"1":{"start":{"line":1,"column":0},"end":{"line":1,"column":57}},"2":{"start":{"line":5,"column":4},"end":{"line":7,"column":5}},"3":{"start":{"line":6,"column":6},"end":{"line":6,"column":49}},"4":{"start":{"line":8,"column":4},"end":{"line":8,"column":26}},"5":{"start":{"line":9,"column":4},"end":{"line":9,"column":29}},"6":{"start":{"line":10,"column":4},"end":{"line":10,"column":38}},"7":{"start":{"line":14,"column":4},"end":{"line":16,"column":5}},"8":{"start":{"line":15,"column":6},"end":{"line":15,"column":66}},"9":{"start":{"line":17,"column":4},"end":{"line":17,"column":42}},"10":{"start":{"line":18,"column":4},"end":{"line":18,"column":15}},"11":{"start":{"line":22,"column":4},"end":{"line":24,"column":5}},"12":{"start":{"line":23,"column":6},"end":{"line":23,"column":76}},"13":{"start":{"line":25,"column":4},"end":{"line":25,"column":40}},"14":{"start":{"line":26,"column":4},"end":{"line":26,"column":15}},"15":{"start":{"line":30,"column":4},"end":{"line":39,"column":6}},"16":{"start":{"line":31,"column":6},"end":{"line":38,"column":8}},"17":{"start":{"line":32,"column":8},"end":{"line":34,"column":9}},"18":{"start":{"line":33,"column":10},"end":{"line":33,"column":38}},"19":{"start":{"line":35,"column":8},"end":{"line":35,"column":42}},"20":{"start":{"line":36,"column":8},"end":{"line":36,"column":46}},"21":{"start":{"line":37,"column":8},"end":{"line":37,"column":46}},"22":{"start":{"line":43,"column":0},"end":{"line":43,"column":23}}},"branchMap":{"1":{"line":5,"type":"if","locations":[{"start":{"line":5,"column":4},"end":{"line":5,"column":4}},{"start":{"line":5,"column":4},"end":{"line":5,"column":4}}]},"2":{"line":14,"type":"if","locations":[{"start":{"line":14,"column":4},"end":{"line":14,"column":4}},{"start":{"line":14,"column":4},"end":{"line":14,"column":4}}]},"3":{"line":22,"type":"if","locations":[{"start":{"line":22,"column":4},"end":{"line":22,"column":4}},{"start":{"line":22,"column":4},"end":{"line":22,"column":4}}]},"4":{"line":32,"type":"if","locations":[{"start":{"line":32,"column":8},"end":{"line":32,"column":8}},{"start":{"line":32,"column":8},"end":{"line":32,"column":8}}]},"5":{"line":32,"type":"binary-expr","locations":[{"start":{"line":32,"column":12},"end":{"line":32,"column":19}},{"start":{"line":32,"column":23},"end":{"line":32,"column":36}},{"start":{"line":32,"column":40},"end":{"line":32,"column":72}}]}},"code":["const { compose, lazy, passThru } = require('./composer')","","class Router {","  constructor (routeFn) {","    if (!routeFn) {","      throw new Error('Missing routing function')","    }","    this.routeFn = routeFn","    this.handlers = new Map()","    this.otherwiseHandler = passThru()","  }","","  on (route, ...fns) {","    if (fns.length === 0) {","      throw new TypeError('At least one handler must be provided')","    }","    this.handlers.set(route, compose(fns))","    return this","  }","","  otherwise (...fns) {","    if (fns.length === 0) {","      throw new TypeError('At least one otherwise handler must be provided')","    }","    this.otherwiseHandler = compose(fns)","    return this","  }","","  middleware () {","    return lazy((ctx) => {","      return this.routeFn(ctx).then((result) => {","        if (!result || !result.route || !this.handlers.has(result.route)) {","          return this.otherwiseHandler","        }","        Object.assign(ctx, result.context)","        Object.assign(ctx.state, result.state)","        return this.handlers.get(result.route)","      })","    })","  }","}","","module.exports = Router",""],"l":{"1":1,"5":0,"6":0,"8":0,"9":0,"10":0,"14":0,"15":0,"17":0,"18":0,"22":0,"23":0,"25":0,"26":0,"30":0,"31":0,"32":0,"33":0,"35":0,"36":0,"37":0,"43":1}}}